2026-02-16 23:48:36,661 | ERROR | FILE NOT FOUND: inputs/raw.wav
2026-02-16 23:50:38,850 | ERROR | FILE NOT FOUND: inputs/raw.wav
2026-02-16 23:53:17,599 | ERROR | FILE NOT FOUND: inputs/raw_vocal.wav
2026-02-16 23:53:53,148 | INFO | 🚀 Starting Professional Pipeline for: raw_vocal_01
2026-02-16 23:53:53,148 | INFO | 🔍 Running Initial Audio Analysis...
2026-02-16 23:53:53,249 | INFO | SNR: 46.12 dB
2026-02-16 23:53:53,249 | INFO | Noise Floor: -50.00 dB
2026-02-16 23:53:55,766 | INFO | Running Echo Removal with Safety Check...
2026-02-16 23:53:55,811 | INFO | Fetch hyperparams.yaml: Fetching from HuggingFace Hub 'speechbrain/metricgan-plus-voicebank' if not cached
2026-02-16 23:53:56,070 | INFO | Echo removal passed safety check.
2026-02-16 23:53:56,070 | INFO | Running Restart Detection...
2026-02-16 23:53:56,078 | INFO | Converting stereo to mono for restart detection...
2026-02-16 23:53:56,098 | INFO | Applying Adaptive Compression...
2026-02-17 00:00:08,788 | INFO | 🚀 Starting Professional Pipeline for: raw_vocal_01
2026-02-17 00:00:08,788 | INFO | 🔍 Running Initial Audio Analysis...
2026-02-17 00:00:08,888 | INFO | SNR: 46.12 dB
2026-02-17 00:00:08,889 | INFO | Noise Floor: -50.00 dB
2026-02-17 00:00:11,406 | INFO | Running Echo Removal with Safety Check...
2026-02-17 00:00:11,451 | INFO | Fetch hyperparams.yaml: Fetching from HuggingFace Hub 'speechbrain/metricgan-plus-voicebank' if not cached
2026-02-17 00:00:11,621 | INFO | Echo removal passed safety check.
2026-02-17 00:00:11,621 | INFO | Running Restart Detection...
2026-02-17 00:00:11,630 | INFO | Converting stereo to mono for restart detection...
2026-02-17 00:00:11,648 | INFO | Applying Adaptive Compression...
2026-02-17 00:06:47,930 | INFO | 🚀 Starting Professional Pipeline for: raw_vocal_01
2026-02-17 00:06:47,931 | INFO | 🔍 Running Initial Audio Analysis...
2026-02-17 00:06:48,033 | INFO | SNR: 46.12 dB
2026-02-17 00:06:48,033 | INFO | Noise Floor: -50.00 dB
2026-02-17 00:06:50,589 | INFO | Running Echo Removal with Safety Check...
2026-02-17 00:06:50,634 | INFO | Fetch hyperparams.yaml: Fetching from HuggingFace Hub 'speechbrain/metricgan-plus-voicebank' if not cached
2026-02-17 00:06:50,804 | INFO | Echo removal passed safety check.
2026-02-17 00:06:50,804 | INFO | Running Restart Detection...
2026-02-17 00:06:50,814 | INFO | Converting stereo to mono for restart detection...
2026-02-17 00:06:50,832 | INFO | Applying Adaptive Compression...
2026-02-17 11:37:33,697 | INFO | 🚀 Starting Professional Pipeline for: raw_vocal_01
2026-02-17 11:37:33,697 | INFO | 🔍 Running Initial Audio Analysis...
2026-02-17 11:37:33,796 | INFO | SNR: 46.12 dB
2026-02-17 11:37:33,796 | INFO | Noise Floor: -50.00 dB
2026-02-17 11:37:36,316 | INFO | Running Echo Removal with Safety Check...
2026-02-17 11:37:36,361 | INFO | Fetch hyperparams.yaml: Fetching from HuggingFace Hub 'speechbrain/metricgan-plus-voicebank' if not cached
2026-02-17 11:37:36,564 | INFO | Echo removal passed safety check.
2026-02-17 11:37:36,564 | INFO | Running Restart Detection...
2026-02-17 11:37:36,573 | INFO | Converting stereo to mono for restart detection...
2026-02-17 11:37:36,591 | INFO | Applying Adaptive Compression...
2026-02-17 11:37:45,485 | INFO | Applying Intelligent EQ...
2026-02-17 11:37:45,626 | INFO | ====================================
2026-02-17 11:37:45,626 | INFO | SUCCESS! Final Output: outputs/raw_vocal_01_MASTERED.wav
2026-02-17 11:37:45,626 | INFO | ====================================
2026-02-17 11:38:44,653 | INFO | 🚀 Starting Professional Pipeline for: raw_vocal_01
2026-02-17 11:38:44,653 | INFO | 🔍 Running Initial Audio Analysis...
2026-02-17 11:38:44,755 | INFO | SNR: 46.12 dB
2026-02-17 11:38:44,755 | INFO | Noise Floor: -50.00 dB
2026-02-17 11:38:47,264 | INFO | Running Echo Removal with Safety Check...
2026-02-17 11:38:47,309 | INFO | Fetch hyperparams.yaml: Fetching from HuggingFace Hub 'speechbrain/metricgan-plus-voicebank' if not cached
2026-02-17 11:38:47,474 | INFO | Echo removal passed safety check.
2026-02-17 11:38:47,474 | INFO | Running Restart Detection...
2026-02-17 11:38:47,484 | INFO | Converting stereo to mono for restart detection...
2026-02-17 11:38:47,501 | INFO | Applying Adaptive Compression...
2026-02-17 11:38:56,490 | INFO | Applying Intelligent EQ...
2026-02-17 11:38:56,635 | INFO | ====================================
2026-02-17 11:38:56,635 | INFO | SUCCESS! Final Output: outputs/raw_vocal_01_MASTERED.wav
2026-02-17 11:38:56,635 | INFO | ====================================
2026-02-17 11:46:29,746 | INFO | 🚀 Starting Professional Pipeline for: 12 Feb, 9.52 pm_ (1)
2026-02-17 11:46:29,746 | INFO | 🔍 Running Initial Audio Analysis...
2026-02-17 11:46:29,928 | INFO | SNR: 45.06 dB
2026-02-17 11:46:29,928 | INFO | Noise Floor: -50.00 dB
2026-02-17 11:46:34,544 | INFO | Running Echo Removal with Safety Check...
2026-02-17 11:46:34,673 | INFO | Fetch hyperparams.yaml: Fetching from HuggingFace Hub 'speechbrain/metricgan-plus-voicebank' if not cached
2026-02-17 11:46:34,947 | INFO | Echo removal passed safety check.
2026-02-17 11:46:34,947 | INFO | Running Restart Detection...
2026-02-17 11:46:34,969 | INFO | Converting stereo to mono for restart detection...
2026-02-17 11:46:35,023 | INFO | Applying Adaptive Compression...
2026-02-17 11:47:00,505 | INFO | Applying Intelligent EQ...
2026-02-17 11:47:00,944 | INFO | ====================================
2026-02-17 11:47:00,944 | INFO | SUCCESS! Final Output: outputs/12 Feb, 9.52 pm_ (1)_MASTERED.wav
2026-02-17 11:47:00,944 | INFO | ====================================
2026-02-17 22:33:31,271 | INFO | 🚀 Starting Professional Pipeline for: 12 Feb, 9.52 pm_ (1)
2026-02-17 22:33:31,271 | INFO | 🔍 Running Initial Audio Analysis...
2026-02-17 22:33:31,452 | INFO | SNR: 45.06 dB
2026-02-17 22:33:31,452 | INFO | Noise Floor: -50.00 dB
2026-02-17 22:33:36,090 | INFO | Running Echo Removal with Safety Check...
2026-02-17 22:33:36,352 | INFO | Echo removal passed safety check.
2026-02-17 22:33:36,352 | INFO | Running Restart Detection...
2026-02-17 22:33:36,374 | INFO | Converting stereo to mono for restart detection...
2026-02-17 22:33:36,426 | INFO | Applying Adaptive Compression...
2026-02-17 22:34:02,270 | INFO | Applying Intelligent EQ...
2026-02-17 22:34:02,706 | INFO | ====================================
2026-02-17 22:34:02,706 | INFO | SUCCESS! Final Output: outputs/12 Feb, 9.52 pm_ (1)_MASTERED.wav
2026-02-17 22:34:02,706 | INFO | ====================================
2026-02-18 00:03:57,461 | INFO | 🚀 Starting Professional Pipeline for: 12 Feb, 9.52 pm_ (1)
2026-02-18 00:03:57,461 | INFO | 🔍 Running Initial Audio Analysis...
2026-02-18 00:03:57,645 | INFO | SNR: 45.06 dB
2026-02-18 00:03:57,645 | INFO | Noise Floor: -50.00 dB
2026-02-18 00:04:45,753 | INFO | 🚀 Starting Professional Pipeline for: 12 Feb, 9.52 pm_ (1)
2026-02-18 00:04:45,753 | INFO | 🔍 Running Initial Audio Analysis...
2026-02-18 00:04:45,935 | INFO | SNR: 45.06 dB
2026-02-18 00:04:45,936 | INFO | Noise Floor: -50.00 dB
2026-02-18 00:04:57,976 | INFO | Running Echo Removal with Safety Check...
2026-02-18 00:04:58,243 | INFO | Echo removal passed safety check.
2026-02-18 00:04:58,243 | INFO | Running Restart Detection...
2026-02-18 00:04:58,264 | INFO | Converting stereo to mono for restart detection...
2026-02-18 00:04:58,313 | INFO | Applying Adaptive Compression...
2026-02-18 00:05:22,410 | INFO | Applying Intelligent EQ...
2026-02-18 00:05:22,902 | INFO | ====================================
2026-02-18 00:05:22,902 | INFO | SUCCESS! Final Output: outputs/12 Feb, 9.52 pm_ (1)_MASTERED.wav
2026-02-18 00:05:22,902 | INFO | ====================================
2026-02-18 11:52:28,389 | ERROR | FILE NOT FOUND: 12 Feb, 9.52 pm_ (1)_MASTERED.wav
2026-02-18 12:01:18,144 | ERROR | FILE NOT FOUND: 12 Feb, 9.52 pm_ (1)_MASTERED.wav
2026-02-18 12:08:31,257 | ERROR | FILE NOT FOUND: /REAL/FULL/PATH/yourfile.wav
2026-02-18 12:09:08,256 | ERROR | FILE NOT FOUND: /Users/sumit/Downloads/12 Feb, 9.52 pm_ (1)_MASTERED.wav
2026-02-18 12:12:41,505 | INFO | 🚀 Starting Professional Pipeline for: 12 Feb, 9.52 pm_ (1)
2026-02-18 12:12:41,505 | INFO | 🔍 Running Initial Audio Analysis...
2026-02-18 12:12:41,686 | INFO | SNR: 45.06 dB
2026-02-18 12:12:41,686 | INFO | Noise Floor: -50.00 dB
2026-02-18 12:12:53,912 | INFO | Running Echo Removal with Safety Check...
2026-02-18 12:12:54,048 | INFO | Fetch hyperparams.yaml: Delegating to Huggingface hub, source speechbrain/metricgan-plus-voicebank.
2026-02-18 12:12:54,618 | INFO | Fetch custom.py: Delegating to Huggingface hub, source speechbrain/metricgan-plus-voicebank.
2026-02-18 12:12:55,040 | INFO | Fetch enhance_model.ckpt: Delegating to Huggingface hub, source speechbrain/metricgan-plus-voicebank.
2026-02-18 12:12:58,905 | INFO | Loading pretrained files for: enhance_model
2026-02-18 12:13:00,462 | WARNING | Clipping introduced after echo removal.
2026-02-18 12:13:00,463 | WARNING | Reverting to trimmed version.
2026-02-18 12:13:00,467 | INFO | Running Restart Detection...
2026-02-18 12:13:00,483 | INFO | Converting stereo to mono for restart detection...
2026-02-18 12:13:02,965 | INFO | Applying Adaptive Compression...
2026-02-18 12:13:27,038 | INFO | Applying Intelligent EQ...
2026-02-18 12:13:27,348 | INFO | ====================================
2026-02-18 12:13:27,349 | INFO | SUCCESS! Final Output: outputs/12 Feb, 9.52 pm_ (1)_MASTERED.wav
2026-02-18 12:13:27,349 | INFO | ====================================
2026-02-18 12:21:21,566 | INFO | 🚀 Starting Professional Pipeline for: 12 Feb, 9.52 pm_ (1)
2026-02-18 12:21:21,566 | INFO | 🔍 Running Initial Audio Analysis...
2026-02-18 12:21:21,748 | INFO | SNR: 45.06 dB
2026-02-18 12:21:21,748 | INFO | Noise Floor: -50.00 dB
2026-02-18 12:21:34,283 | INFO | Running Echo Removal with Safety Check...
2026-02-18 12:21:34,416 | INFO | Fetch hyperparams.yaml: Using existing file/symlink in pretrained_models/metricgan-plus-voicebank/hyperparams.yaml.
2026-02-18 12:21:34,417 | INFO | Fetch custom.py: Delegating to Huggingface hub, source speechbrain/metricgan-plus-voicebank.
2026-02-18 12:21:34,840 | INFO | Fetch enhance_model.ckpt: Using existing file/symlink in pretrained_models/metricgan-plus-voicebank/enhance_model.ckpt.
2026-02-18 12:21:34,840 | INFO | Loading pretrained files for: enhance_model
2026-02-18 12:21:35,852 | WARNING | Clipping introduced after echo removal.
2026-02-18 12:21:35,852 | WARNING | Reverting to trimmed version.
2026-02-18 12:21:35,858 | INFO | Running Restart Detection...
2026-02-18 12:21:35,874 | INFO | Converting stereo to mono for restart detection...
2026-02-18 12:21:38,619 | INFO | Applying Adaptive Compression...
2026-02-18 12:21:59,770 | INFO | Applying Intelligent EQ...
2026-02-18 12:22:00,037 | INFO | ====================================
2026-02-18 12:22:00,037 | INFO | SUCCESS! Final Output: outputs/12 Feb, 9.52 pm_ (1)_MASTERED.wav
2026-02-18 12:22:00,037 | INFO | ====================================
2026-02-18 12:28:59,831 | INFO | 🚀 Starting Professional Pipeline for: 12 Feb, 9.52 pm_ (1)
2026-02-18 12:28:59,832 | INFO | 🔍 Running Initial Audio Analysis...
2026-02-18 12:29:00,009 | INFO | SNR: 45.06 dB
2026-02-18 12:29:00,009 | INFO | Noise Floor: -50.00 dB
2026-02-18 12:29:11,873 | INFO | Running Echo Removal with Safety Check...
2026-02-18 12:29:12,009 | INFO | Fetch hyperparams.yaml: Using existing file/symlink in pretrained_models/metricgan-plus-voicebank/hyperparams.yaml.
2026-02-18 12:29:12,009 | INFO | Fetch custom.py: Delegating to Huggingface hub, source speechbrain/metricgan-plus-voicebank.
2026-02-18 12:29:12,389 | INFO | Fetch enhance_model.ckpt: Using existing file/symlink in pretrained_models/metricgan-plus-voicebank/enhance_model.ckpt.
2026-02-18 12:29:12,389 | INFO | Loading pretrained files for: enhance_model
2026-02-18 12:29:13,187 | WARNING | Clipping introduced after echo removal.
2026-02-18 12:29:13,187 | WARNING | Reverting to trimmed version.
2026-02-18 12:29:13,192 | INFO | Running Restart Detection...
2026-02-18 12:29:13,208 | INFO | Converting stereo to mono for restart detection...
2026-02-18 12:29:16,064 | INFO | Applying Adaptive Compression...
2026-02-18 12:29:40,175 | INFO | Applying Intelligent EQ...
2026-02-18 12:29:40,479 | INFO | ====================================
2026-02-18 12:29:40,479 | INFO | SUCCESS! Final Output: outputs/12 Feb, 9.52 pm_ (1)_MASTERED.wav
2026-02-18 12:29:40,479 | INFO | ====================================
2026-02-18 17:12:22,972 | INFO | 🚀 Starting Professional Pipeline for: 12 Feb, 9.52 pm_ (1)
2026-02-18 17:12:22,972 | INFO | 🔍 Running Initial Audio Analysis...
2026-02-18 17:12:23,155 | INFO | SNR: 45.06 dB
2026-02-18 17:12:23,155 | INFO | Noise Floor: -50.00 dB
2026-02-18 17:12:34,926 | INFO | Running Echo Removal with Safety Check...
2026-02-18 17:12:35,058 | INFO | Fetch hyperparams.yaml: Using existing file/symlink in pretrained_models/metricgan-plus-voicebank/hyperparams.yaml.
2026-02-18 17:12:35,058 | INFO | Fetch custom.py: Delegating to Huggingface hub, source speechbrain/metricgan-plus-voicebank.
2026-02-18 17:12:35,409 | INFO | Fetch enhance_model.ckpt: Using existing file/symlink in pretrained_models/metricgan-plus-voicebank/enhance_model.ckpt.
2026-02-18 17:12:35,409 | INFO | Loading pretrained files for: enhance_model
2026-02-18 17:12:36,184 | WARNING | Clipping introduced after echo removal.
2026-02-18 17:12:36,184 | WARNING | Reverting to trimmed version.
2026-02-18 17:12:36,191 | INFO | Running Restart Detection...
2026-02-18 17:12:36,209 | INFO | Converting stereo to mono for restart detection...
2026-02-18 17:12:38,986 | INFO | Applying Adaptive Compression...
2026-02-18 17:13:02,167 | INFO | Applying Intelligent EQ...
2026-02-18 17:13:02,470 | INFO | ====================================
2026-02-18 17:13:02,470 | INFO | SUCCESS! Final Output: outputs/12 Feb, 9.52 pm_ (1)_MASTERED.wav
2026-02-18 17:13:02,470 | INFO | ====================================
2026-02-21 16:39:06,260 | INFO | 🚀 Starting Professional Pipeline for: 2 Jan, 5.55 pm_
2026-02-21 16:39:06,260 | INFO | 🔍 Running Initial Audio Analysis...
2026-02-21 16:39:06,894 | INFO | SNR: 74.51 dB
2026-02-21 16:39:06,894 | INFO | Noise Floor: -50.00 dB
2026-02-21 16:40:01,696 | INFO | Running Echo Removal with Safety Check...
2026-02-21 16:40:02,243 | INFO | Fetch hyperparams.yaml: Using existing file/symlink in pretrained_models/metricgan-plus-voicebank/hyperparams.yaml.
2026-02-21 16:40:02,244 | INFO | Fetch custom.py: Delegating to Huggingface hub, source speechbrain/metricgan-plus-voicebank.
2026-02-21 16:40:02,757 | INFO | Echo removal passed safety check.
2026-02-21 16:40:02,757 | INFO | Running Restart Detection...
2026-02-21 16:40:02,821 | INFO | Converting stereo to mono for restart detection...
2026-02-21 16:40:02,909 | INFO | Using EMBEDDING-based restart detection...
2026-02-21 16:42:33,994 | INFO | 🚀 Starting Professional Pipeline for: 2 Jan, 5.55 pm_
2026-02-21 16:42:33,995 | INFO | 🔍 Running Initial Audio Analysis...
2026-02-21 16:42:34,608 | INFO | SNR: 74.51 dB
2026-02-21 16:42:34,608 | INFO | Noise Floor: -50.00 dB
2026-02-21 16:43:22,693 | INFO | Running Echo Removal with Safety Check...
2026-02-21 16:43:23,212 | INFO | Fetch hyperparams.yaml: Using existing file/symlink in pretrained_models/metricgan-plus-voicebank/hyperparams.yaml.
2026-02-21 16:43:23,214 | INFO | Fetch custom.py: Delegating to Huggingface hub, source speechbrain/metricgan-plus-voicebank.
2026-02-21 16:43:23,729 | INFO | Echo removal passed safety check.
2026-02-21 16:43:23,729 | INFO | Running Restart Detection...
2026-02-21 16:43:23,792 | INFO | Converting stereo to mono for restart detection...
2026-02-21 16:43:23,881 | INFO | Using EMBEDDING-based restart detection...
2026-02-21 16:43:23,886 | INFO | Processing audio with duration 08:22.335
2026-02-21 16:43:24,810 | INFO | Detected language 'la' with probability 0.29
2026-02-21 16:50:44,751 | INFO | Applying Professional 2-Stage Compression...
2026-02-21 16:54:00,367 | INFO | Applying Intelligent EQ...
2026-02-21 16:54:01,974 | INFO | ====================================
2026-02-21 16:54:01,974 | INFO | SUCCESS! Final Output: outputs/2 Jan, 5.55 pm__MASTERED.wav
2026-02-21 16:54:01,974 | INFO | ====================================
2026-02-21 22:37:01,318 | INFO | 🚀 Starting Professional Pipeline for: 2 Jan, 5.55 pm_
2026-02-21 22:37:01,319 | INFO | 🔍 Running Initial Audio Analysis...
2026-02-21 22:37:01,948 | INFO | SNR: 74.51 dB
2026-02-21 22:37:01,948 | INFO | Noise Floor: -50.00 dB
2026-02-21 22:37:48,977 | INFO | Running Echo Removal with Safety Check...
2026-02-21 22:37:49,511 | INFO | Fetch hyperparams.yaml: Using existing file/symlink in pretrained_models/metricgan-plus-voicebank/hyperparams.yaml.
2026-02-21 22:37:49,512 | INFO | Fetch custom.py: Delegating to Huggingface hub, source speechbrain/metricgan-plus-voicebank.
2026-02-21 22:37:50,114 | INFO | Fetch enhance_model.ckpt: Using existing file/symlink in pretrained_models/metricgan-plus-voicebank/enhance_model.ckpt.
2026-02-21 22:37:50,115 | INFO | Loading pretrained files for: enhance_model
2026-02-21 22:37:54,518 | WARNING | Clipping introduced after echo removal.
2026-02-21 22:37:54,518 | WARNING | Reverting to trimmed version.
2026-02-21 22:37:54,539 | INFO | Running Restart Detection...
2026-02-21 22:37:54,604 | INFO | Converting stereo to mono for restart detection...
2026-02-21 22:37:54,693 | INFO | Using EMBEDDING-based restart detection...
2026-02-21 22:37:54,695 | INFO | Processing audio with duration 08:22.335
2026-02-21 22:37:55,553 | INFO | Detected language 'la' with probability 0.29
2026-02-21 22:43:42,203 | INFO | Applying Professional 2-Stage Compression...
2026-02-21 22:46:54,606 | INFO | Applying Intelligent EQ...
2026-02-21 22:46:55,999 | INFO | ====================================
2026-02-21 22:46:56,000 | INFO | SUCCESS! Final Output: outputs/2 Jan, 5.55 pm__MASTERED.wav
2026-02-21 22:46:56,000 | INFO | ====================================
2026-02-22 00:20:24,343 | INFO | 🚀 Starting Professional Pipeline for: 2 Jan, 5.55 pm_
2026-02-22 00:20:24,344 | INFO | 🔍 Running Initial Audio Analysis...
2026-02-22 00:20:25,009 | INFO | SNR: 74.51 dB
2026-02-22 00:20:25,009 | INFO | Noise Floor: -50.00 dB
2026-02-22 00:21:25,517 | INFO | Running Echo Removal with Safety Check...
2026-02-22 00:21:26,089 | INFO | Fetch hyperparams.yaml: Using existing file/symlink in pretrained_models/metricgan-plus-voicebank/hyperparams.yaml.
2026-02-22 00:21:26,090 | INFO | Fetch custom.py: Delegating to Huggingface hub, source speechbrain/metricgan-plus-voicebank.
2026-02-22 00:21:26,573 | INFO | Fetch enhance_model.ckpt: Using existing file/symlink in pretrained_models/metricgan-plus-voicebank/enhance_model.ckpt.
2026-02-22 00:21:26,575 | INFO | Loading pretrained files for: enhance_model
2026-02-22 00:21:29,829 | WARNING | Clipping introduced after echo removal.
2026-02-22 00:21:29,829 | WARNING | Reverting to trimmed version.
2026-02-22 00:21:29,851 | INFO | Running Restart Detection...
2026-02-22 00:21:29,916 | INFO | Converting stereo to mono for restart detection...
2026-02-22 00:21:30,007 | INFO | Using EMBEDDING-based restart detection...
2026-02-22 00:21:30,010 | INFO | Processing audio with duration 08:22.335
2026-02-22 00:21:30,991 | INFO | Detected language 'la' with probability 0.29
2026-02-22 00:27:54,546 | INFO | Applying Professional 2-Stage Compression...
2026-02-22 00:30:53,884 | INFO | Applying Intelligent EQ...
2026-02-22 00:40:34,683 | INFO | 🚀 Starting Professional Pipeline for: 2 Jan, 5.55 pm_
2026-02-22 00:40:34,683 | INFO | 🔍 Running Initial Audio Analysis...
2026-02-22 00:40:35,313 | INFO | SNR: 74.51 dB
2026-02-22 00:40:35,313 | INFO | Noise Floor: -50.00 dB
2026-02-22 00:41:32,597 | INFO | Running Echo Removal with Safety Check...
2026-02-22 00:41:33,129 | INFO | Fetch hyperparams.yaml: Using existing file/symlink in pretrained_models/metricgan-plus-voicebank/hyperparams.yaml.
2026-02-22 00:41:33,129 | INFO | Fetch custom.py: Delegating to Huggingface hub, source speechbrain/metricgan-plus-voicebank.
2026-02-22 00:41:33,577 | INFO | Fetch enhance_model.ckpt: Using existing file/symlink in pretrained_models/metricgan-plus-voicebank/enhance_model.ckpt.
2026-02-22 00:41:33,579 | INFO | Loading pretrained files for: enhance_model
2026-02-22 00:41:36,451 | WARNING | Clipping introduced after echo removal.
2026-02-22 00:41:36,451 | WARNING | Reverting to trimmed version.
2026-02-22 00:41:36,469 | INFO | Running Restart Detection...
2026-02-22 00:41:36,534 | INFO | Converting stereo to mono for restart detection...
2026-02-22 00:41:36,624 | INFO | Using EMBEDDING-based restart detection...
2026-02-22 00:41:36,625 | INFO | Processing audio with duration 08:22.335
2026-02-22 00:41:37,449 | INFO | Detected language 'la' with probability 0.29
2026-02-22 00:47:35,871 | INFO | Applying Professional 2-Stage Compression...
2026-02-22 00:50:36,255 | INFO | Applying Intelligent EQ...
2026-02-22 16:52:17,358 | INFO | 🚀 Starting Professional Pipeline for: 2 Jan, 5.55 pm_
2026-02-22 16:52:17,358 | INFO | 🔍 Running Initial Audio Analysis...
2026-02-22 16:52:17,985 | INFO | SNR: 74.51 dB
2026-02-22 16:52:17,986 | INFO | Noise Floor: -50.00 dB
2026-02-22 16:53:12,715 | INFO | Running Echo Removal with Safety Check...
2026-02-22 16:53:13,238 | INFO | Fetch hyperparams.yaml: Using existing file/symlink in pretrained_models/metricgan-plus-voicebank/hyperparams.yaml.
2026-02-22 16:53:13,240 | INFO | Fetch custom.py: Delegating to Huggingface hub, source speechbrain/metricgan-plus-voicebank.
2026-02-22 16:53:13,710 | INFO | Fetch enhance_model.ckpt: Using existing file/symlink in pretrained_models/metricgan-plus-voicebank/enhance_model.ckpt.
2026-02-22 16:53:13,711 | INFO | Loading pretrained files for: enhance_model
2026-02-22 16:53:16,569 | WARNING | Clipping introduced after echo removal.
2026-02-22 16:53:16,569 | WARNING | Reverting to trimmed version.
2026-02-22 16:53:16,589 | INFO | Running Restart Detection...
2026-02-22 16:53:16,653 | INFO | Converting stereo to mono for restart detection...
2026-02-22 16:53:16,743 | INFO | Using EMBEDDING-based restart detection...
2026-02-22 16:53:16,745 | INFO | Processing audio with duration 08:22.335
2026-02-22 16:53:17,489 | INFO | Detected language 'la' with probability 0.29
2026-02-22 16:59:44,751 | INFO | Applying Professional 2-Stage Compression...
2026-02-22 17:03:02,917 | INFO | Applying Intelligent EQ...
2026-02-22 17:07:48,050 | INFO | 🚀 Starting Professional Pipeline for: 2 Jan, 5.55 pm_
2026-02-22 17:07:48,051 | INFO | 🔍 Running Initial Audio Analysis...
2026-02-22 17:07:48,693 | INFO | SNR: 74.51 dB
2026-02-22 17:07:48,693 | INFO | Noise Floor: -50.00 dB
2026-02-22 17:08:40,055 | INFO | Running Echo Removal with Safety Check...
2026-02-22 17:08:40,574 | INFO | Fetch hyperparams.yaml: Using existing file/symlink in pretrained_models/metricgan-plus-voicebank/hyperparams.yaml.
2026-02-22 17:08:40,575 | INFO | Fetch custom.py: Delegating to Huggingface hub, source speechbrain/metricgan-plus-voicebank.
2026-02-22 17:08:41,031 | INFO | Fetch enhance_model.ckpt: Using existing file/symlink in pretrained_models/metricgan-plus-voicebank/enhance_model.ckpt.
2026-02-22 17:08:41,033 | INFO | Loading pretrained files for: enhance_model
2026-02-22 17:08:44,058 | WARNING | Clipping introduced after echo removal.
2026-02-22 17:08:44,058 | WARNING | Reverting to trimmed version.
2026-02-22 17:08:44,077 | INFO | Running Restart Detection...
2026-02-22 17:08:44,143 | INFO | Converting stereo to mono for restart detection...
2026-02-22 17:08:44,232 | INFO | Using EMBEDDING-based restart detection...
2026-02-22 17:08:44,235 | INFO | Processing audio with duration 08:22.335
2026-02-22 17:08:44,958 | INFO | Detected language 'la' with probability 0.29
2026-02-22 17:15:26,782 | INFO | Applying Professional 2-Stage Compression...
2026-02-22 17:18:00,236 | INFO | Applying Intelligent EQ...
2026-02-22 17:18:01,878 | INFO | ====================================
2026-02-22 17:18:01,878 | INFO | SUCCESS! Final Output: outputs/2 Jan, 5.55 pm__MASTERED.wav
2026-02-22 17:18:01,879 | INFO | ====================================
2026-02-22 17:22:17,823 | INFO | 🚀 Starting Professional Pipeline for: 12 Feb, 9.52 pm_ (1)
2026-02-22 17:22:17,824 | INFO | 🔍 Running Initial Audio Analysis...
2026-02-22 17:22:18,006 | INFO | SNR: 45.06 dB
2026-02-22 17:22:18,007 | INFO | Noise Floor: -50.00 dB
2026-02-22 17:22:31,434 | INFO | Running Echo Removal with Safety Check...
2026-02-22 17:22:31,582 | INFO | Fetch hyperparams.yaml: Using existing file/symlink in pretrained_models/metricgan-plus-voicebank/hyperparams.yaml.
2026-02-22 17:22:31,582 | INFO | Fetch custom.py: Delegating to Huggingface hub, source speechbrain/metricgan-plus-voicebank.
2026-02-22 17:22:31,941 | INFO | Fetch enhance_model.ckpt: Using existing file/symlink in pretrained_models/metricgan-plus-voicebank/enhance_model.ckpt.
2026-02-22 17:22:31,941 | INFO | Loading pretrained files for: enhance_model
2026-02-22 17:22:32,962 | WARNING | Clipping introduced after echo removal.
2026-02-22 17:22:32,962 | WARNING | Reverting to trimmed version.
2026-02-22 17:22:32,968 | INFO | Running Restart Detection...
2026-02-22 17:22:32,990 | INFO | Converting stereo to mono for restart detection...
2026-02-22 17:22:33,011 | INFO | Using EMBEDDING-based restart detection...
2026-02-22 17:22:33,012 | INFO | Processing audio with duration 02:02.036
2026-02-22 17:22:33,692 | INFO | Detected language 'la' with probability 0.53
2026-02-22 17:23:28,629 | INFO | Applying Professional 2-Stage Compression...
2026-02-22 17:24:17,638 | INFO | Applying Intelligent EQ...
2026-02-22 17:24:18,009 | INFO | ====================================
2026-02-22 17:24:18,009 | INFO | SUCCESS! Final Output: outputs/12 Feb, 9.52 pm_ (1)_MASTERED.wav
2026-02-22 17:24:18,009 | INFO | ====================================
2026-02-22 20:22:55,633 | INFO | 🚀 Starting Professional Pipeline for: 12 Feb, 9.52 pm_ (1)
2026-02-22 20:22:55,634 | INFO | 🔍 Running Initial Audio Analysis...
2026-02-22 20:22:55,950 | INFO | SNR: 45.06 dB
2026-02-22 20:22:55,950 | INFO | Noise Floor: -50.00 dB
2026-02-22 20:23:09,637 | INFO | Running Echo Removal with Safety Check...
2026-02-22 20:23:09,769 | INFO | Fetch hyperparams.yaml: Using existing file/symlink in pretrained_models/metricgan-plus-voicebank/hyperparams.yaml.
2026-02-22 20:23:09,769 | INFO | Fetch custom.py: Delegating to Huggingface hub, source speechbrain/metricgan-plus-voicebank.
2026-02-22 20:23:10,156 | INFO | Fetch enhance_model.ckpt: Using existing file/symlink in pretrained_models/metricgan-plus-voicebank/enhance_model.ckpt.
2026-02-22 20:23:10,156 | INFO | Loading pretrained files for: enhance_model
2026-02-22 20:23:11,354 | WARNING | Clipping introduced after echo removal.
2026-02-22 20:23:11,354 | WARNING | Reverting to trimmed version.
2026-02-22 20:23:11,359 | INFO | Running Restart Detection...
2026-02-22 20:23:11,381 | INFO | Converting stereo to mono for restart detection...
2026-02-22 20:23:11,403 | INFO | Using EMBEDDING-based restart detection...
2026-02-22 20:23:11,403 | INFO | Processing audio with duration 02:02.036
2026-02-22 20:23:12,121 | INFO | Detected language 'la' with probability 0.53
2026-02-22 20:24:52,438 | INFO | Applying Professional 2-Stage Compression...
2026-02-22 20:25:35,804 | INFO | Applying Intelligent EQ...
2026-02-22 20:25:36,136 | INFO | ====================================
2026-02-22 20:25:36,136 | INFO | SUCCESS! Final Output: outputs/12 Feb, 9.52 pm_ (1)_MASTERED.wav
2026-02-22 20:25:36,136 | INFO | ====================================
2026-02-22 20:49:51,948 | INFO | 🚀 Starting Professional Pipeline for: 12 Feb, 9.52 pm_ (1)
2026-02-22 20:49:51,948 | INFO | 🔍 Running Initial Audio Analysis...
2026-02-22 20:49:52,130 | INFO | SNR: 45.06 dB
2026-02-22 20:49:52,131 | INFO | Noise Floor: -50.00 dB
2026-02-22 20:50:03,901 | INFO | Running Echo Removal with Safety Check...
2026-02-22 20:50:04,033 | INFO | Fetch hyperparams.yaml: Using existing file/symlink in pretrained_models/metricgan-plus-voicebank/hyperparams.yaml.
2026-02-22 20:50:04,034 | INFO | Fetch custom.py: Delegating to Huggingface hub, source speechbrain/metricgan-plus-voicebank.
2026-02-22 20:50:04,401 | INFO | Fetch enhance_model.ckpt: Using existing file/symlink in pretrained_models/metricgan-plus-voicebank/enhance_model.ckpt.
2026-02-22 20:50:04,401 | INFO | Loading pretrained files for: enhance_model
2026-02-22 20:50:05,471 | WARNING | Clipping introduced after echo removal.
2026-02-22 20:50:05,471 | WARNING | Reverting to trimmed version.
2026-02-22 20:50:05,476 | INFO | Running Restart Detection...
2026-02-22 20:50:05,498 | INFO | Converting stereo to mono for restart detection...
2026-02-22 20:50:05,520 | INFO | Using EMBEDDING-based restart detection...
2026-02-22 20:50:05,521 | INFO | Processing audio with duration 02:02.036
2026-02-22 20:50:06,064 | INFO | Detected language 'la' with probability 0.53
2026-02-22 20:51:14,795 | INFO | Applying Professional 2-Stage Compression...
2026-02-22 20:51:57,315 | INFO | Applying Intelligent EQ...
2026-02-22 20:51:57,844 | INFO | ====================================
2026-02-22 20:51:57,844 | INFO | SUCCESS! Final Output: outputs/12 Feb, 9.52 pm_ (1)_MASTERED.wav
2026-02-22 20:51:57,844 | INFO | ====================================
2026-02-23 22:54:31,223 | INFO | 🚀 Starting Professional Pipeline for: 12 Feb, 9.52 pm_ (1)
2026-02-23 22:54:31,223 | INFO | 🔍 Running Initial Audio Analysis...
2026-02-23 22:54:31,405 | INFO | SNR: 45.06 dB
2026-02-23 22:54:31,406 | INFO | Noise Floor: -50.00 dB
2026-02-23 22:54:44,109 | INFO | Running Restart Detection...
2026-02-23 22:54:44,118 | INFO | Processing audio with duration 02:02.032
2026-02-23 22:54:44,746 | INFO | Detected language 'la' with probability 0.60
2026-02-23 22:55:54,062 | INFO | Applying Pre-Compression Noise Gate...
2026-02-23 22:55:54,072 | INFO | Applying Professional 2-Stage Compression...
2026-02-23 22:56:27,138 | INFO | Applying Intelligent EQ...
2026-02-23 22:56:27,683 | INFO | ====================================
2026-02-23 22:56:27,683 | INFO | SUCCESS! Final Output: outputs/12 Feb, 9.52 pm_ (1)_MASTERED.wav
2026-02-23 22:56:27,683 | INFO | ====================================
2026-02-23 23:03:18,997 | INFO | 🚀 Starting Professional Pipeline for: 12 Feb, 9.52 pm_ (1)
2026-02-23 23:03:18,997 | INFO | 🔍 Running Initial Audio Analysis...
2026-02-23 23:03:19,178 | INFO | SNR: 45.06 dB
2026-02-23 23:03:19,178 | INFO | Noise Floor: -50.00 dB
2026-02-23 23:03:31,248 | INFO | Running Restart Detection...
2026-02-23 23:03:31,263 | INFO | Processing audio with duration 02:02.032
2026-02-23 23:03:31,952 | INFO | Detected language 'la' with probability 0.60
2026-02-23 23:05:07,237 | INFO | Applying Professional 2-Stage Compression...
2026-02-23 23:05:54,887 | INFO | Applying Intelligent EQ...
2026-02-23 23:05:55,407 | INFO | ====================================
2026-02-23 23:05:55,407 | INFO | SUCCESS! Final Output: outputs/12 Feb, 9.52 pm_ (1)_MASTERED.wav
2026-02-23 23:05:55,407 | INFO | ====================================
2026-02-23 23:20:44,144 | INFO | 🚀 Starting Professional Pipeline for: 12 Feb, 9.52 pm_ (1)
2026-02-23 23:20:44,144 | INFO | 🔍 Running Initial Audio Analysis...
2026-02-23 23:20:44,330 | INFO | SNR: 45.06 dB
2026-02-23 23:20:44,330 | INFO | Noise Floor: -50.00 dB
2026-02-23 23:23:03,914 | INFO | 🚀 Starting Professional Pipeline for: 12 Feb, 9.52 pm_ (1)
2026-02-23 23:23:03,914 | INFO | 🔍 Running Initial Audio Analysis...
2026-02-23 23:23:04,096 | INFO | SNR: 45.06 dB
2026-02-23 23:23:04,096 | INFO | Noise Floor: -50.00 dB
2026-02-23 23:23:17,181 | INFO | Running Restart Detection...
2026-02-23 23:23:17,189 | INFO | Processing audio with duration 02:02.032
2026-02-23 23:23:17,837 | INFO | Detected language 'la' with probability 0.60
2026-02-23 23:24:31,747 | INFO | Applying Professional 2-Stage Compression...
2026-02-23 23:25:23,862 | INFO | Applying Intelligent EQ...
2026-02-23 23:25:24,239 | INFO | ====================================
2026-02-23 23:25:24,239 | INFO | SUCCESS! Final Output: outputs/12 Feb, 9.52 pm_ (1)_MASTERED.wav
2026-02-23 23:25:24,239 | INFO | ====================================
2026-03-03 23:38:20,869 | ERROR | FILE NOT FOUND: yourfile.wav
2026-03-03 23:40:08,069 | INFO | 🚀 Starting Professional Pipeline for: 2 Jan, 5.55 pm_
2026-03-03 23:40:08,069 | INFO | 🔍 Running Initial Audio Analysis...
2026-03-03 23:40:08,698 | INFO | SNR: 74.51 dB
2026-03-03 23:40:08,699 | INFO | Noise Floor: -50.00 dB
2026-03-03 23:41:13,867 | INFO | Running Restart Detection...
2026-03-03 23:41:13,935 | INFO | Processing audio with duration 08:22.320
2026-03-03 23:41:14,936 | INFO | Detected language 'la' with probability 0.24
2026-03-03 23:48:46,643 | INFO | Applying Professional 2-Stage Compression...
2026-03-03 23:51:52,483 | INFO | Applying Intelligent EQ...
2026-03-03 23:51:54,426 | INFO | Generating Word-Level Transcript...
2026-03-03 23:52:50,012 | INFO | Transcript saved: outputs/2 Jan, 5.55 pm__MASTERED.txt
2026-03-03 23:52:50,013 | INFO | Alignment saved: outputs/2 Jan, 5.55 pm__MASTERED_alignment.json
2026-03-03 23:52:50,013 | INFO | ====================================
2026-03-03 23:52:50,013 | INFO | SUCCESS! Final Output: outputs/2 Jan, 5.55 pm__MASTERED.wav
2026-03-03 23:52:50,013 | INFO | ====================================
2026-03-05 15:15:55,476 | ERROR | FILE NOT FOUND: inputs/12 Feb, 9.52 pm_.wav
2026-03-05 15:18:08,262 | INFO | 🚀 Starting Professional Pipeline for: raw_vocal_01
2026-03-05 15:18:08,262 | INFO | 🔍 Running Initial Audio Analysis...
2026-03-05 15:18:08,368 | INFO | SNR: 46.12 dB
2026-03-05 15:18:08,368 | INFO | Noise Floor: -50.00 dB
2026-03-05 15:18:17,141 | INFO | Running Restart Detection...
2026-03-05 15:18:17,146 | INFO | Processing audio with duration 00:45.152
2026-03-05 15:18:17,999 | INFO | Detected language 'ja' with probability 0.26
2026-03-05 15:18:58,318 | INFO | Applying Professional 2-Stage Compression...
2026-03-05 15:19:08,654 | INFO | Applying Intelligent EQ...
2026-03-05 15:19:08,755 | INFO | Generating Word-Level Transcript...
2026-03-05 15:19:38,323 | INFO | Transcript saved: outputs/transcript.txt
2026-03-05 15:19:38,323 | INFO | Alignment saved: outputs/alignment.json
2026-03-05 15:19:38,323 | INFO | ====================================
2026-03-05 15:19:38,324 | INFO | SUCCESS! Final Output: outputs/raw_vocal_01_MASTERED.wav
2026-03-05 15:19:38,324 | INFO | ====================================
2026-03-05 15:38:11,138 | INFO | 🚀 Starting Professional Pipeline for: raw_vocal_01
2026-03-05 15:38:11,139 | INFO | 🔍 Running Initial Audio Analysis...
2026-03-05 15:38:11,249 | INFO | SNR: 46.12 dB
2026-03-05 15:38:11,249 | INFO | Noise Floor: -50.00 dB
2026-03-05 15:38:17,642 | INFO | Running Restart Detection...
2026-03-05 15:38:17,645 | INFO | Processing audio with duration 00:45.152
2026-03-05 15:38:18,255 | INFO | Detected language 'ja' with probability 0.26
2026-03-05 15:38:54,722 | INFO | Applying Professional 2-Stage Compression...
2026-03-05 15:39:07,248 | INFO | Applying Intelligent EQ...
2026-03-05 15:39:07,366 | INFO | Generating Word-Level Transcript...
2026-03-05 15:40:05,467 | INFO | Transcript saved: outputs/transcript.txt
2026-03-05 15:40:05,468 | INFO | Alignment saved: outputs/alignment.json
2026-03-05 15:40:05,468 | INFO | ====================================
2026-03-05 15:40:05,468 | INFO | SUCCESS! Final Output: outputs/raw_vocal_01_MASTERED.wav
2026-03-05 15:40:05,468 | INFO | ====================================
2026-03-05 15:49:20,652 | INFO | 🚀 Starting Professional Pipeline for: raw_vocal_01
2026-03-05 15:49:20,653 | INFO | 🔍 Running Initial Audio Analysis...
2026-03-05 15:49:20,763 | INFO | SNR: 46.12 dB
2026-03-05 15:49:20,763 | INFO | Noise Floor: -50.00 dB
2026-03-05 15:49:27,366 | INFO | Running Restart Detection...
2026-03-05 15:49:27,370 | INFO | Processing audio with duration 00:45.152
2026-03-05 15:49:28,155 | INFO | Detected language 'ja' with probability 0.26
2026-03-05 15:49:49,529 | INFO | Applying Professional 2-Stage Compression...
2026-03-05 15:50:11,879 | INFO | Applying Intelligent EQ...
2026-03-05 15:50:12,078 | INFO | Generating Word-Level Transcript...
2026-03-05 15:51:05,052 | INFO | Transcript saved: outputs/transcript.txt
2026-03-05 15:51:05,052 | INFO | Alignment saved: outputs/alignment.json
2026-03-05 15:51:05,052 | INFO | ====================================
2026-03-05 15:51:05,052 | INFO | SUCCESS! Final Output: outputs/raw_vocal_01_MASTERED.wav
2026-03-05 15:51:05,052 | INFO | ====================================
2026-03-05 15:58:53,020 | INFO | 🚀 Starting Professional Pipeline for: raw_vocal_01
2026-03-05 15:58:53,021 | INFO | 🔍 Running Initial Audio Analysis...
2026-03-05 15:58:53,136 | INFO | SNR: 46.12 dB
2026-03-05 15:58:53,136 | INFO | Noise Floor: -50.00 dB
2026-03-05 15:59:00,734 | INFO | Running Restart Detection...
2026-03-05 15:59:00,740 | INFO | Processing audio with duration 00:45.152
2026-03-05 15:59:01,611 | INFO | Detected language 'ja' with probability 0.26
2026-03-05 15:59:42,839 | INFO | Applying Professional 2-Stage Compression...
2026-03-05 16:00:00,942 | INFO | Applying Intelligent EQ...
2026-03-05 16:00:01,144 | INFO | Generating Word-Level Transcript...
2026-03-05 16:00:33,879 | INFO | Transcript saved: outputs/transcript.txt
2026-03-05 16:00:33,879 | INFO | Alignment saved: outputs/alignment.json
2026-03-05 16:00:33,879 | INFO | ====================================
2026-03-05 16:00:33,879 | INFO | SUCCESS! Final Output: outputs/raw_vocal_01_MASTERED.wav
2026-03-05 16:00:33,879 | INFO | ====================================
2026-03-05 16:07:31,373 | INFO | 🚀 Starting Professional Pipeline for: raw_vocal_01
2026-03-05 16:07:31,374 | INFO | 🔍 Running Initial Audio Analysis...
2026-03-05 16:07:31,485 | INFO | SNR: 46.12 dB
2026-03-05 16:07:31,485 | INFO | Noise Floor: -50.00 dB
2026-03-05 16:07:39,235 | INFO | Running Restart Detection...
2026-03-05 16:07:39,238 | INFO | Processing audio with duration 00:45.152
2026-03-05 16:07:40,036 | INFO | Detected language 'ja' with probability 0.26
2026-03-05 16:08:21,202 | INFO | Applying Professional 2-Stage Compression...
2026-03-05 16:08:35,800 | INFO | Applying Intelligent EQ...
2026-03-05 16:08:35,929 | INFO | Generating Word-Level Transcript...
2026-03-05 16:09:16,505 | INFO | Transcript saved: outputs/transcript.txt
2026-03-05 16:09:16,507 | INFO | Alignment saved: outputs/alignment.json
2026-03-05 16:09:16,507 | INFO | ====================================
2026-03-05 16:09:16,507 | INFO | SUCCESS! Final Output: outputs/raw_vocal_01_MASTERED.wav
2026-03-05 16:09:16,507 | INFO | ====================================
2026-03-05 16:23:51,219 | INFO | 🚀 Starting Professional Pipeline for: raw_vocal_01
2026-03-05 16:23:51,220 | INFO | 🔍 Running Initial Audio Analysis...
2026-03-05 16:23:51,327 | INFO | SNR: 46.12 dB
2026-03-05 16:23:51,327 | INFO | Noise Floor: -50.00 dB
2026-03-05 16:23:58,418 | INFO | Running Restart Detection...
2026-03-05 16:23:58,422 | INFO | Processing audio with duration 00:45.152
2026-03-05 16:23:59,160 | INFO | Detected language 'ja' with probability 0.26
2026-03-05 16:24:27,698 | INFO | Applying Professional 2-Stage Compression...
2026-03-05 16:24:42,899 | INFO | Applying Intelligent EQ...
2026-03-05 16:24:43,034 | INFO | Generating Word-Level Transcript...
2026-03-05 16:25:07,855 | INFO | Transcript saved: outputs/transcript.txt
2026-03-05 16:25:07,856 | INFO | Alignment saved: outputs/alignment.json
2026-03-05 16:25:07,856 | INFO | ====================================
2026-03-05 16:25:07,856 | INFO | SUCCESS! Final Output: outputs/raw_vocal_01_MASTERED.wav
2026-03-05 16:25:07,856 | INFO | ====================================
2026-03-05 16:32:04,938 | INFO | 🚀 Starting Professional Pipeline for: raw_vocal_01
2026-03-05 16:32:04,939 | INFO | 🔍 Running Initial Audio Analysis...
2026-03-05 16:32:05,052 | INFO | SNR: 46.12 dB
2026-03-05 16:32:05,052 | INFO | Noise Floor: -50.00 dB
2026-03-05 16:32:13,785 | INFO | Running AI Repetition Removal...
2026-03-05 16:32:17,274 | INFO | Running Restart Detection...
2026-03-05 16:32:17,281 | INFO | Processing audio with duration 00:44.640
2026-03-05 16:32:17,951 | INFO | Detected language 'ja' with probability 0.25
2026-03-05 16:32:41,230 | INFO | Applying Professional 2-Stage Compression...
2026-03-05 16:32:52,349 | INFO | Applying Intelligent EQ...
2026-03-05 16:32:52,474 | INFO | Generating Word-Level Transcript...
2026-03-05 16:33:20,875 | INFO | Transcript saved: outputs/transcript.txt
2026-03-05 16:33:20,875 | INFO | Alignment saved: outputs/alignment.json
2026-03-05 16:33:20,875 | INFO | ====================================
2026-03-05 16:33:20,875 | INFO | SUCCESS! Final Output: outputs/raw_vocal_01_MASTERED.wav
2026-03-05 16:33:20,876 | INFO | ====================================
2026-03-05 23:47:54,775 | INFO | 🚀 Starting Professional Pipeline for: raw_vocal_01
2026-03-05 23:47:54,776 | INFO | Studio Profile: default
2026-03-05 23:47:54,776 | INFO | Genre Preset: podcast
2026-03-05 23:47:54,776 | INFO | 🔍 Running Initial Audio Analysis...
2026-03-05 23:47:54,971 | INFO | SNR: 46.12 dB
2026-03-05 23:47:54,971 | INFO | Noise Floor: -50.00 dB
2026-03-05 23:56:12,533 | INFO | 🚀 Starting Professional Pipeline for: raw_vocal_01
2026-03-05 23:56:12,534 | INFO | Studio Profile: default
2026-03-05 23:56:12,534 | INFO | Genre Preset: podcast
2026-03-05 23:56:12,534 | INFO | 🔍 Running Initial Audio Analysis...
2026-03-05 23:56:13,176 | INFO | SNR: 46.12 dB
2026-03-05 23:56:13,180 | INFO | Noise Floor: -50.00 dB
2026-03-06 07:58:47,088 | INFO | ====================================
2026-03-06 07:58:47,088 | INFO | 🚀 Starting Pipeline: raw_vocal_01
2026-03-06 07:58:47,088 | INFO | ====================================
2026-03-06 07:58:47,088 | INFO | 🔍 Running Audio Analysis...
2026-03-06 07:58:47,197 | INFO | SNR: 46.12 dB
2026-03-06 07:58:47,197 | INFO | Noise Floor: -50.00 dB
2026-03-06 07:58:47,197 | INFO | Running AI Denoise...
2026-03-06 07:58:51,588 | INFO | Running Adaptive Trim...
2026-03-06 07:58:54,224 | INFO | Running Echo Removal...
2026-03-06 07:58:54,301 | INFO | Running Repetition Removal...
2026-03-06 07:58:58,085 | INFO | Running Restart Detection...
2026-03-06 07:58:58,104 | INFO | Running De-Esser...
2026-03-06 07:58:59,125 | INFO | Running Downward Expander...
2026-03-06 07:58:59,133 | INFO | Applying 2-Stage Compression...
2026-03-06 07:59:16,720 | INFO | Running Intelligent EQ...
2026-03-06 07:59:16,809 | INFO | Running Mastering...
2026-03-06 07:59:16,878 | INFO | Generating Transcript...
2026-03-06 07:59:36,685 | INFO | Transcript saved: outputs/transcript.txt
2026-03-06 07:59:36,685 | INFO | Alignment saved: outputs/alignment.json
2026-03-06 07:59:36,685 | INFO | ====================================
2026-03-06 07:59:36,685 | INFO | ✅ SUCCESS — Output: outputs/raw_vocal_01_MASTERED.wav
2026-03-06 07:59:36,685 | INFO | ====================================
2026-03-06 08:11:56,487 | INFO | ====================================
2026-03-06 08:11:56,487 | INFO | 🚀 Starting Pipeline: raw_vocal_01
2026-03-06 08:11:56,487 | INFO | ====================================
2026-03-06 08:11:56,487 | INFO | 🔍 Running Audio Analysis...
2026-03-06 08:11:56,599 | INFO | SNR: 46.12 dB
2026-03-06 08:11:56,599 | INFO | Noise Floor: -50.00 dB
2026-03-06 08:11:56,599 | INFO | Running AI Denoise...
2026-03-06 08:12:01,730 | INFO | Running Adaptive Trim...
2026-03-06 08:12:04,387 | INFO | Running Echo Removal...
2026-03-06 08:12:04,454 | INFO | Running Repetition Removal...
2026-03-06 08:12:08,158 | INFO | Running Restart Detection...
2026-03-06 08:12:08,181 | INFO | Running De-Esser...
2026-03-06 08:12:09,228 | INFO | Running Downward Expander...
2026-03-06 08:12:09,235 | INFO | Applying 2-Stage Compression...
2026-03-06 08:12:27,344 | INFO | Running Intelligent EQ...
2026-03-06 08:12:27,434 | INFO | Running Mastering...
2026-03-06 08:12:27,492 | INFO | Generating Transcript...
2026-03-06 08:12:49,359 | INFO | Transcript saved: outputs/transcript.txt
2026-03-06 08:12:49,360 | INFO | Alignment saved: outputs/alignment.json
2026-03-06 08:12:49,360 | INFO | ====================================
2026-03-06 08:12:49,360 | INFO | ✅ SUCCESS — Output: outputs/raw_vocal_01_MASTERED.wav
2026-03-06 08:12:49,360 | INFO | ====================================
2026-03-06 08:17:42,154 | INFO | ====================================
2026-03-06 08:17:42,155 | INFO | 🚀 Starting Pipeline: raw_vocal_01
2026-03-06 08:17:42,155 | INFO | ====================================
2026-03-06 08:17:42,155 | INFO | 🔍 Running Audio Analysis...
2026-03-06 08:17:42,268 | INFO | SNR: 46.12 dB
2026-03-06 08:17:42,268 | INFO | Noise Floor: -50.00 dB
2026-03-06 08:17:42,268 | INFO | Running AI Denoise...
2026-03-06 08:17:45,930 | INFO | Running Adaptive Trim...
2026-03-06 08:17:48,556 | INFO | Running Echo Removal...
2026-03-06 08:17:48,613 | INFO | Running Repetition Removal...
2026-03-06 08:17:52,001 | INFO | Running Restart Detection...
2026-03-06 08:17:52,020 | INFO | Running De-Esser...
2026-03-06 08:17:52,993 | INFO | Running Downward Expander...
2026-03-06 08:17:53,003 | INFO | Applying 2-Stage Compression...
2026-03-06 08:18:10,480 | INFO | Running Intelligent EQ...
2026-03-06 08:18:10,569 | INFO | Running Mastering...
2026-03-06 08:18:10,631 | INFO | Generating Transcript...
2026-03-06 08:18:30,336 | INFO | Transcript saved: outputs/transcript.txt
2026-03-06 08:18:30,336 | INFO | Alignment saved: outputs/alignment.json
2026-03-06 08:18:30,336 | INFO | ====================================
2026-03-06 08:18:30,336 | INFO | ✅ SUCCESS — Output: outputs/raw_vocal_01_MASTERED.wav
2026-03-06 08:18:30,336 | INFO | ====================================
2026-03-06 12:17:40,641 | INFO | ====================================
2026-03-06 12:17:40,641 | INFO | 🚀 Starting Pipeline: raw_vocal_01
2026-03-06 12:17:40,641 | INFO | ====================================
2026-03-06 12:17:40,641 | INFO | 🔍 Running Audio Analysis...
2026-03-06 12:17:40,750 | INFO | SNR: 46.12 dB
2026-03-06 12:17:40,750 | INFO | Noise Floor: -50.00 dB
2026-03-06 12:17:40,750 | INFO | Running AI Denoise...
2026-03-06 12:17:44,732 | INFO | Running Adaptive Trim...
2026-03-06 12:17:47,378 | INFO | Running Echo Removal...
2026-03-06 12:17:47,443 | INFO | Running Repetition Removal...
2026-03-06 12:17:51,164 | INFO | Running Restart Detection...
2026-03-06 12:17:51,185 | INFO | Running De-Esser...
2026-03-06 12:17:52,239 | INFO | Running Downward Expander...
2026-03-06 12:17:52,248 | INFO | Applying 2-Stage Compression...
2026-03-06 12:18:10,362 | INFO | Running Intelligent EQ...
2026-03-06 12:18:10,455 | INFO | Running Mastering...
2026-03-06 12:18:10,515 | INFO | Generating Transcript...
2026-03-06 12:18:30,879 | INFO | Transcript saved: outputs/transcript.txt
2026-03-06 12:18:30,880 | INFO | Alignment saved: outputs/alignment.json
2026-03-06 12:18:30,880 | INFO | ====================================
2026-03-06 12:18:30,880 | INFO | ✅ SUCCESS — Output: outputs/raw_vocal_01_MASTERED.wav
2026-03-06 12:18:30,880 | INFO | ====================================
2026-03-06 15:20:08,573 | INFO | ====================================
2026-03-06 15:20:08,574 | INFO | 🚀 Starting Pipeline: raw_vocal_01
2026-03-06 15:20:08,574 | INFO | ====================================
2026-03-06 15:20:08,574 | INFO | 🔍 Running Audio Analysis...
2026-03-06 15:20:08,682 | INFO | SNR: 46.12 dB
2026-03-06 15:20:08,683 | INFO | Noise Floor: -50.00 dB
2026-03-06 15:20:08,683 | INFO | Running AI Denoise...
2026-03-06 15:20:12,963 | INFO | Running Adaptive Trim...
2026-03-06 15:20:15,584 | INFO | Running Echo Removal...
2026-03-06 15:20:15,651 | INFO | Running Repetition Removal...
2026-03-06 15:20:19,204 | INFO | Running Restart Detection...
2026-03-06 15:20:19,222 | INFO | Running De-Esser...
2026-03-06 15:20:20,246 | INFO | Running Downward Expander...
2026-03-06 15:20:20,255 | INFO | Applying 2-Stage Compression...
2026-03-06 15:20:38,871 | INFO | Running Intelligent EQ...
2026-03-06 15:20:38,965 | INFO | Running Mastering...
2026-03-06 15:20:39,032 | INFO | Generating Transcript...
2026-03-06 15:21:01,916 | INFO | Transcript saved: outputs/transcript.txt
2026-03-06 15:21:01,916 | INFO | Alignment saved: outputs/alignment.json
2026-03-06 15:21:01,916 | INFO | ====================================
2026-03-06 15:21:01,916 | INFO | ✅ SUCCESS — Output: outputs/raw_vocal_01_MASTERED.wav
2026-03-06 15:21:01,916 | INFO | ====================================
2026-03-06 15:40:03,411 | INFO | ====================================
2026-03-06 15:40:03,411 | INFO | 🚀 Starting Pipeline: raw_vocal_01
2026-03-06 15:40:03,411 | INFO | ====================================
2026-03-06 15:40:03,411 | INFO | 🔍 Running Audio Analysis...
2026-03-06 15:40:03,522 | INFO | SNR: 46.12 dB
2026-03-06 15:40:03,522 | INFO | Noise Floor: -50.00 dB
2026-03-06 15:40:03,522 | INFO | Running AI Denoise...
2026-03-06 15:40:07,210 | INFO | Running Adaptive Trim...
2026-03-06 15:40:09,835 | INFO | Running Echo Removal...
2026-03-06 15:40:09,898 | INFO | Running Repetition Removal...
2026-03-06 15:40:13,274 | INFO | Running Restart Detection...
2026-03-06 15:40:13,292 | INFO | Running De-Esser...
2026-03-06 15:40:14,317 | INFO | Running Downward Expander...
2026-03-06 15:40:14,324 | INFO | Applying 2-Stage Compression...
2026-03-06 15:40:31,849 | INFO | Running Intelligent EQ...
2026-03-06 15:40:31,937 | INFO | Running Mastering...
2026-03-06 15:40:31,999 | INFO | Generating Transcript...
2026-03-06 15:40:52,151 | INFO | Transcript saved: outputs/transcript.txt
2026-03-06 15:40:52,151 | INFO | Alignment saved: outputs/alignment.json
2026-03-06 15:40:52,151 | INFO | ====================================
2026-03-06 15:40:52,151 | INFO | ✅ SUCCESS — Output: outputs/raw_vocal_01_MASTERED.wav
2026-03-06 15:40:52,151 | INFO | ====================================
2026-03-06 16:04:26,371 | INFO | ====================================
2026-03-06 16:04:26,372 | INFO | 🚀 Starting Pipeline: raw_vocal_01
2026-03-06 16:04:26,372 | INFO | ====================================
2026-03-06 16:04:26,372 | INFO | 🔍 Running Audio Analysis...
2026-03-06 16:04:26,479 | INFO | SNR: 46.12 dB
2026-03-06 16:04:26,480 | INFO | Noise Floor: -50.00 dB
2026-03-06 16:04:26,480 | INFO | Running AI Denoise...
2026-03-06 16:04:30,269 | INFO | Running Adaptive Trim...
2026-03-06 16:04:32,892 | INFO | Running Echo Removal...
2026-03-06 16:04:32,948 | INFO | Running Repetition Removal...
2026-03-06 16:04:36,325 | INFO | Running Restart Detection...
2026-03-06 16:04:36,375 | INFO | Running De-Esser...
2026-03-06 16:04:37,355 | INFO | Running Downward Expander...
2026-03-06 16:04:37,362 | INFO | Applying 2-Stage Compression...
2026-03-06 16:04:54,725 | INFO | Running Intelligent EQ...
2026-03-06 16:04:54,815 | INFO | Running Mastering...
2026-03-06 16:04:54,876 | INFO | Generating Transcript...
2026-03-06 16:05:15,106 | INFO | Transcript saved: outputs/transcript.txt
2026-03-06 16:05:15,106 | INFO | Alignment saved: outputs/alignment.json
2026-03-06 16:05:15,106 | INFO | ====================================
2026-03-06 16:05:15,106 | INFO | ✅ SUCCESS — Output: outputs/raw_vocal_01_MASTERED.wav
2026-03-06 16:05:15,106 | INFO | ====================================
2026-03-07 23:10:37,422 | INFO | ====================================
2026-03-07 23:10:37,423 | INFO | 🚀 Starting Pipeline: raw_vocal_01
2026-03-07 23:10:37,423 | INFO | ====================================
2026-03-07 23:10:37,423 | INFO | 🔍 Running Audio Analysis...
2026-03-07 23:10:37,627 | INFO | SNR: 46.12 dB
2026-03-07 23:10:37,627 | INFO | Noise Floor: -50.00 dB
2026-03-07 23:10:37,627 | INFO | Running AI Denoise...
2026-03-07 23:10:43,281 | INFO | Running Adaptive Trim...
2026-03-07 23:10:48,450 | INFO | Running Echo Removal...
2026-03-07 23:10:48,599 | INFO | Running Repetition Removal...
2026-03-07 23:10:57,181 | INFO | Running Restart Detection...
2026-03-07 23:10:57,203 | INFO | Running De-Esser...
2026-03-07 23:10:58,706 | INFO | Running Downward Expander...
2026-03-07 23:10:58,724 | INFO | Applying 2-Stage Compression...
2026-03-07 23:11:19,547 | INFO | Running Intelligent EQ...
2026-03-07 23:11:19,640 | INFO | Running Mastering...
2026-03-07 23:11:19,708 | INFO | Generating Transcript...
2026-03-07 23:12:14,939 | INFO | Transcript saved: outputs/transcript.txt
2026-03-07 23:12:14,940 | INFO | Alignment saved: outputs/alignment.json
2026-03-07 23:12:14,940 | INFO | ====================================
2026-03-07 23:12:14,940 | INFO | ✅ SUCCESS — Output: outputs/raw_vocal_01_MASTERED.wav
2026-03-07 23:12:14,940 | INFO | ====================================
2026-03-07 23:40:24,927 | ERROR | ❌ FILE NOT FOUND: inputs/raw_vocal.wav
2026-03-08 00:06:02,949 | INFO | ====================================
2026-03-08 00:06:02,949 | INFO | 🚀 Starting Pipeline: raw_vocal_01
2026-03-08 00:06:02,949 | INFO | ====================================
2026-03-08 00:06:02,949 | INFO | 🔍 Running Audio Analysis...
2026-03-08 00:06:03,058 | INFO | SNR: 46.12 dB
2026-03-08 00:06:03,059 | INFO | Noise Floor: -50.00 dB
2026-03-08 00:06:03,059 | INFO | Skipping Denoise (clean recording)
2026-03-08 00:06:03,059 | INFO | Running Adaptive Trim...
2026-03-08 00:06:05,587 | INFO | Skipping Echo Removal
2026-03-08 00:06:05,591 | INFO | Running Repetition Removal...
2026-03-08 00:06:09,392 | INFO | Running Restart Detection...
2026-03-08 00:06:09,410 | INFO | Running De-Esser...
2026-03-08 00:06:10,391 | INFO | Running Downward Expander...
2026-03-08 00:06:10,401 | INFO | Applying 2-Stage Compression...
2026-03-08 00:06:42,078 | INFO | Running Intelligent EQ...
2026-03-08 00:06:42,172 | INFO | Running Mastering...
2026-03-08 00:06:42,236 | INFO | Generating Transcript...
2026-03-08 00:07:05,609 | INFO | Transcript saved: outputs/transcript.txt
2026-03-08 00:07:05,610 | INFO | Alignment saved: outputs/alignment.json
2026-03-08 00:07:05,610 | INFO | ====================================
2026-03-08 00:07:05,610 | INFO | ✅ SUCCESS — Output: outputs/raw_vocal_01_MASTERED.wav
2026-03-08 00:07:05,610 | INFO | ====================================
2026-03-08 17:28:03,315 | INFO | ====================================
2026-03-08 17:28:03,315 | INFO | 🚀 Starting Pipeline: raw_vocal_01
2026-03-08 17:28:03,316 | INFO | ====================================
2026-03-08 17:28:03,316 | INFO | 🔍 Running Audio Analysis...
2026-03-08 17:28:03,581 | INFO | SNR: 46.12 dB
2026-03-08 17:28:03,581 | INFO | Noise Floor: -50.00 dB
2026-03-08 17:28:03,581 | INFO | Skipping Denoise (clean recording)
2026-03-08 17:28:03,581 | INFO | Running Adaptive Trim...
2026-03-08 17:28:06,234 | INFO | Skipping Echo Removal
2026-03-08 17:28:06,240 | INFO | Running Repetition Removal...
2026-03-08 17:28:10,446 | INFO | Running Restart Detection...
2026-03-08 17:28:10,471 | INFO | Running De-Esser...
2026-03-08 17:28:11,492 | INFO | Running Downward Expander...
2026-03-08 17:28:11,503 | INFO | Applying 2-Stage Compression...
2026-03-08 17:28:43,539 | INFO | Running Intelligent EQ...
2026-03-08 17:28:43,634 | INFO | Running Mastering...
2026-03-08 17:28:43,702 | INFO | Generating Transcript...
2026-03-08 17:29:14,412 | INFO | Transcript saved: outputs/transcript.txt
2026-03-08 17:29:14,412 | INFO | Alignment saved: outputs/alignment.json
2026-03-08 17:29:14,412 | INFO | ====================================
2026-03-08 17:29:14,412 | INFO | ✅ SUCCESS — Output: outputs/raw_vocal_01_MASTERED.wav
2026-03-08 17:29:14,412 | INFO | ====================================
2026-03-08 17:32:26,820 | INFO | ====================================
2026-03-08 17:32:26,820 | INFO | 🚀 Starting Pipeline: raw_vocal_01
2026-03-08 17:32:26,820 | INFO | ====================================
2026-03-08 17:32:26,820 | INFO | 🔍 Running Audio Analysis...
2026-03-08 17:32:26,930 | INFO | SNR: 46.12 dB
2026-03-08 17:32:26,930 | INFO | Noise Floor: -50.00 dB
2026-03-08 17:32:26,930 | INFO | Skipping Denoise (clean recording)
2026-03-08 17:32:26,930 | INFO | Running Adaptive Trim...
2026-03-08 17:32:29,450 | INFO | Running Repetition Removal...
2026-03-08 17:32:32,924 | INFO | Running Restart Detection...
2026-03-08 17:32:32,943 | INFO | Running De-Esser...
2026-03-08 17:32:33,922 | INFO | Running Downward Expander...
2026-03-08 17:32:33,932 | INFO | Applying 2-Stage Compression...
2026-03-08 17:33:07,254 | INFO | Running Intelligent EQ...
2026-03-08 17:33:07,363 | INFO | Running Mastering...
2026-03-08 17:33:07,444 | INFO | Generating Transcript...
2026-03-08 17:33:33,566 | INFO | Transcript saved: outputs/transcript.txt
2026-03-08 17:33:33,566 | INFO | Alignment saved: outputs/alignment.json
2026-03-08 17:33:33,566 | INFO | ====================================
2026-03-08 17:33:33,566 | INFO | ✅ SUCCESS — Output: outputs/raw_vocal_01_MASTERED.wav
2026-03-08 17:33:33,566 | INFO | ====================================
2026-03-10 14:25:02,215 | ERROR | ❌ FILE NOT FOUND: inputs/raw_vocal.wav
2026-03-10 14:33:19,269 | INFO | ====================================
2026-03-10 14:33:19,269 | INFO | 🚀 Starting Pipeline: raw_vocal_01
2026-03-10 14:33:19,269 | INFO | ====================================
2026-03-10 14:33:19,269 | INFO | 🔍 Running Audio Analysis...
2026-03-10 14:33:19,377 | INFO | SNR: 46.12 dB
2026-03-10 14:33:19,378 | INFO | Noise Floor: -50.00 dB
2026-03-10 14:33:19,378 | INFO | Skipping Denoise (clean recording)
2026-03-10 14:33:19,378 | INFO | Running Adaptive Trim...
2026-03-10 14:33:21,902 | INFO | Applying micro fades to prevent clicks...
2026-03-10 14:33:21,953 | ERROR | Trim error: The size of tensor a (2) must match the size of tensor b (480) at non-singleton dimension 1
2026-03-10 14:43:08,884 | INFO | ====================================
2026-03-10 14:43:08,884 | INFO | 🚀 Starting Pipeline: raw_vocal_01
2026-03-10 14:43:08,884 | INFO | ====================================
2026-03-10 14:43:08,884 | INFO | 🔍 Running Audio Analysis...
2026-03-10 14:43:08,996 | INFO | SNR: 46.12 dB
2026-03-10 14:43:08,996 | INFO | Noise Floor: -50.00 dB
2026-03-10 14:43:08,996 | INFO | Skipping Denoise (clean recording)
2026-03-10 14:43:08,996 | INFO | Running Adaptive Trim...
2026-03-10 14:43:11,534 | INFO | Applying micro fades to prevent clicks...
2026-03-10 14:43:11,566 | INFO | Micro fades applied successfully.
2026-03-10 14:43:11,566 | INFO | Skipping Echo Removal
2026-03-10 14:43:11,569 | INFO | Running Repetition Removal...
2026-03-10 14:43:15,089 | INFO | Running Restart Detection...
2026-03-10 14:43:15,107 | INFO | Running De-Esser...
2026-03-10 14:43:16,162 | INFO | Running Downward Expander...
2026-03-10 14:43:16,173 | INFO | Applying 2-Stage Compression...
2026-03-10 14:43:47,061 | INFO | Running Intelligent EQ...
2026-03-10 14:43:47,146 | INFO | Running Mastering...
2026-03-10 14:43:47,211 | INFO | Generating Transcript...
2026-03-10 14:44:07,503 | INFO | Transcript saved: outputs/transcript.txt
2026-03-10 14:44:07,503 | INFO | Alignment saved: outputs/alignment.json
2026-03-10 14:44:07,503 | INFO | ====================================
2026-03-10 14:44:07,503 | INFO | ✅ SUCCESS — Output: outputs/raw_vocal_01_MASTERED.wav
2026-03-10 14:44:07,503 | INFO | ====================================
2026-03-10 18:16:58,753 | INFO | ====================================
2026-03-10 18:16:58,754 | INFO | 🚀 Starting Pipeline: raw_vocal_01
2026-03-10 18:16:58,754 | INFO | ====================================
2026-03-10 18:16:58,754 | INFO | 🔍 Running Audio Analysis...
2026-03-10 18:16:58,868 | INFO | SNR: 46.12 dB
2026-03-10 18:16:58,869 | INFO | Noise Floor: -50.00 dB
2026-03-10 18:16:58,869 | INFO | Skipping Denoise (clean recording)
2026-03-10 18:16:58,869 | INFO | Running Adaptive Trim...
2026-03-10 18:17:01,400 | INFO | Applying micro fades to prevent clicks...
2026-03-10 18:17:01,433 | INFO | Micro fades applied successfully.
2026-03-10 18:17:01,433 | INFO | Skipping Echo Removal
2026-03-10 18:17:01,437 | INFO | Running Repetition Removal...
2026-03-10 18:17:04,930 | INFO | Running Restart Detection...
2026-03-10 18:17:04,948 | INFO | Running De-Esser...
2026-03-10 18:17:05,946 | INFO | Running Downward Expander...
2026-03-10 18:17:05,956 | INFO | Applying 2-Stage Compression...
2026-03-10 18:17:36,744 | INFO | Running Intelligent EQ...
2026-03-10 18:17:36,835 | INFO | Running Mastering...
2026-03-10 18:17:36,906 | INFO | Generating Transcript...
2026-03-10 18:18:00,240 | INFO | Transcript saved: outputs/transcript.txt
2026-03-10 18:18:00,240 | INFO | Alignment saved: outputs/alignment.json
2026-03-10 18:18:00,240 | INFO | ====================================
2026-03-10 18:18:00,240 | INFO | ✅ SUCCESS — Output: outputs/raw_vocal_01_MASTERED.wav
2026-03-10 18:18:00,240 | INFO | ====================================
2026-03-13 23:30:42,055 | INFO | ====================================
2026-03-13 23:30:42,128 | INFO | ====================================
2026-03-13 23:30:42,356 | INFO | SNR: 46.12 dB
2026-03-13 23:30:42,356 | INFO | Noise Floor: -50.00 dB
2026-03-13 23:30:42,356 | INFO | Skipping Denoise (clean recording)
2026-03-13 23:30:42,357 | INFO | Running Adaptive Trim...
2026-03-13 23:30:43,859 | INFO | Applying micro fades to prevent clicks...
2026-03-13 23:30:44,053 | INFO | Micro fades applied successfully.
2026-03-13 23:30:44,054 | INFO | Skipping Echo Removal
2026-03-13 23:30:44,063 | INFO | Running Repetition Removal...
2026-03-13 23:31:04,380 | INFO | Running Restart Detection...
2026-03-13 23:31:04,389 | INFO | Running De-Esser...
2026-03-13 23:31:07,435 | INFO | Running Downward Expander...
2026-03-13 23:31:07,481 | INFO | Applying 2-Stage Compression...
2026-03-13 23:32:11,649 | INFO | Running Intelligent EQ...
2026-03-13 23:32:11,747 | INFO | Running Mastering...
2026-03-13 23:32:11,845 | INFO | Generating Transcript...
2026-03-13 23:32:42,674 | INFO | Transcript saved: outputs\transcript.txt
2026-03-13 23:32:42,674 | INFO | Alignment saved: outputs\alignment.json
2026-03-13 23:32:42,674 | INFO | ====================================
2026-03-13 23:32:42,678 | INFO | ====================================
2026-03-14 00:29:10,411 | INFO | ====================================
2026-03-14 00:29:10,447 | INFO | ====================================
2026-03-14 00:29:10,747 | INFO | SNR: 46.12 dB
2026-03-14 00:29:10,748 | INFO | Noise Floor: -50.00 dB
2026-03-14 00:29:10,748 | INFO | Skipping Denoise (clean recording)
2026-03-14 00:29:10,749 | INFO | Running Adaptive Trim...
2026-03-14 00:29:12,360 | ERROR | Trim error: Error opening 'debug_outputs/02_trimmed.wav': Format not recognised.
2026-03-14 00:34:07,193 | INFO | ====================================
2026-03-14 00:34:07,245 | INFO | ====================================
2026-03-14 00:34:07,609 | INFO | SNR: 46.12 dB
2026-03-14 00:34:07,609 | INFO | Noise Floor: -50.00 dB
2026-03-14 00:34:07,610 | INFO | Skipping Denoise (clean recording)
2026-03-14 00:34:07,610 | INFO | Running Adaptive Trim...
2026-03-14 00:34:09,339 | ERROR | Trim error: Error opening 'debug_outputs/02_trimmed.wav': Format not recognised.
2026-03-14 00:36:51,765 | INFO | ====================================
2026-03-14 00:36:51,790 | INFO | ====================================
2026-03-14 00:36:52,002 | INFO | SNR: 46.12 dB
2026-03-14 00:36:52,002 | INFO | Noise Floor: -50.00 dB
2026-03-14 00:36:52,002 | INFO | Skipping Denoise (clean recording)
2026-03-14 00:36:52,003 | INFO | Running Adaptive Trim...
2026-03-14 00:36:53,431 | ERROR | Trim error: Error opening 'debug_outputs/02_trimmed.wav': Format not recognised.
2026-03-14 00:38:38,332 | INFO | ====================================
2026-03-14 00:38:38,440 | INFO | ====================================
2026-03-14 00:38:38,826 | INFO | SNR: 46.12 dB
2026-03-14 00:38:38,826 | INFO | Noise Floor: -50.00 dB
2026-03-14 00:38:38,827 | INFO | Skipping Denoise (clean recording)
2026-03-14 00:38:38,828 | INFO | Running Adaptive Trim...
2026-03-14 00:38:40,354 | INFO | Applying micro fades to prevent clicks...
2026-03-14 00:38:40,397 | INFO | Micro fades applied successfully.
2026-03-14 00:38:40,397 | INFO | Skipping Echo Removal
2026-03-14 00:38:40,405 | INFO | Running Repetition Removal...
2026-03-14 00:38:45,131 | INFO | Running Restart Detection...
2026-03-14 00:38:45,162 | INFO | Running De-Esser...
2026-03-14 00:38:49,149 | INFO | Running Downward Expander...
2026-03-14 00:38:49,184 | INFO | Applying 2-Stage Compression...
2026-03-14 00:40:14,602 | INFO | Running Intelligent EQ...
2026-03-14 00:40:14,775 | INFO | Running Mastering...
2026-03-14 00:40:14,897 | INFO | Generating Transcript...
2026-03-14 00:40:51,173 | INFO | Transcript saved: outputs\transcript.txt
2026-03-14 00:40:51,173 | INFO | Alignment saved: outputs\alignment.json
2026-03-14 00:40:51,174 | INFO | ====================================
2026-03-14 00:40:51,178 | INFO | ====================================
2026-03-14 00:50:01,839 | INFO | ====================================
2026-03-14 00:50:01,892 | INFO | ====================================
2026-03-14 00:50:02,194 | INFO | SNR: 46.12 dB
2026-03-14 00:50:02,194 | INFO | Noise Floor: -50.00 dB
2026-03-14 00:50:02,195 | INFO | Skipping Denoise (clean recording)
2026-03-14 00:50:02,196 | INFO | Running Adaptive Trim...
2026-03-14 00:50:03,906 | INFO | Applying micro fades to prevent clicks...
2026-03-14 00:50:03,944 | INFO | Micro fades applied successfully.
2026-03-14 00:50:03,945 | INFO | Skipping Echo Removal
2026-03-14 00:50:03,951 | INFO | Running Repetition Removal...
2026-03-14 00:50:09,688 | INFO | Running Restart Detection...
2026-03-14 00:50:09,727 | INFO | Running De-Esser...
2026-03-14 00:50:13,490 | INFO | Running Downward Expander...
2026-03-14 00:50:13,527 | INFO | Applying 2-Stage Compression...
2026-03-14 00:51:41,386 | INFO | Running Intelligent EQ...
2026-03-14 00:51:41,534 | INFO | Running Mastering...
2026-03-14 00:51:41,666 | INFO | Generating Transcript...
2026-03-14 00:52:18,064 | INFO | Transcript saved: outputs\transcript.txt
2026-03-14 00:52:18,064 | INFO | Alignment saved: outputs\alignment.json
2026-03-14 00:52:18,065 | INFO | ====================================
2026-03-14 00:52:18,069 | INFO | ====================================
2026-03-14 01:00:01,220 | INFO | ====================================
2026-03-14 01:00:01,259 | INFO | ====================================
2026-03-14 01:00:01,554 | INFO | SNR: 46.12 dB
2026-03-14 01:00:01,555 | INFO | Noise Floor: -50.00 dB
2026-03-14 01:00:01,556 | INFO | Skipping Denoise (clean recording)
2026-03-14 01:00:01,556 | INFO | Running Adaptive Trim...
2026-03-14 01:00:03,844 | INFO | Applying micro fades to prevent clicks...
2026-03-14 01:00:03,894 | INFO | Micro fades applied successfully.
2026-03-14 01:00:03,895 | INFO | Skipping Echo Removal
2026-03-14 01:00:03,904 | INFO | Running Repetition Removal...
2026-03-14 01:00:09,471 | INFO | Running Restart Detection...
2026-03-14 01:00:09,493 | INFO | Running De-Esser...
2026-03-14 01:00:13,228 | INFO | Running Downward Expander...
2026-03-14 01:00:36,173 | INFO | Applying 2-Stage Compression...
2026-03-14 01:02:01,436 | INFO | Running Intelligent EQ...
2026-03-14 01:02:01,597 | INFO | Running Mastering...
2026-03-14 01:02:01,730 | INFO | Generating Transcript...
2026-03-14 01:02:39,654 | INFO | Transcript saved: outputs\transcript.txt
2026-03-14 01:02:39,655 | INFO | Alignment saved: outputs\alignment.json
2026-03-14 01:02:39,655 | INFO | ====================================
2026-03-14 01:02:39,660 | INFO | ====================================
2026-03-14 18:24:14,932 | INFO | ====================================
2026-03-14 18:24:15,041 | INFO | ====================================
2026-03-14 18:24:15,420 | INFO | SNR: 46.12 dB
2026-03-14 18:24:15,420 | INFO | Noise Floor: -50.00 dB
2026-03-14 18:24:15,420 | INFO | Skipping Denoise (clean recording)
2026-03-14 18:24:15,420 | INFO | Running Adaptive Trim...
2026-03-14 18:24:16,953 | INFO | Applying micro fades to prevent clicks...
2026-03-14 18:24:16,999 | INFO | Micro fades applied successfully.
2026-03-14 18:24:17,000 | INFO | Skipping Echo Removal
2026-03-14 18:24:17,006 | INFO | Running Repetition Removal...
2026-03-14 18:24:22,988 | INFO | Running Restart Detection...
2026-03-14 18:24:23,015 | INFO | Running De-Esser...
2026-03-14 18:24:27,676 | INFO | Running Downward Expander...
2026-03-14 18:24:27,806 | WARNING | Noise gate failed: The shape of the mask [1, 714241] at index 1 does not match the shape of the indexed tensor [1, 714240] at index 1
2026-03-14 18:24:27,806 | INFO | Applying 2-Stage Compression...
2026-03-14 18:26:11,293 | INFO | Running Intelligent EQ...
2026-03-14 18:26:11,426 | INFO | Running Mastering...
2026-03-14 18:26:11,575 | INFO | Generating Transcript...
2026-03-14 18:26:53,064 | INFO | Transcript saved: outputs\transcript.txt
2026-03-14 18:26:53,065 | INFO | Alignment saved: outputs\alignment.json
2026-03-14 18:26:53,065 | INFO | ====================================
2026-03-14 18:26:53,069 | INFO | ====================================
2026-03-14 18:33:20,289 | INFO | ====================================
2026-03-14 18:33:20,318 | INFO | ====================================
2026-03-14 18:33:20,623 | INFO | SNR: 46.12 dB
2026-03-14 18:33:20,623 | INFO | Noise Floor: -50.00 dB
2026-03-14 18:33:20,623 | INFO | Skipping Denoise (clean recording)
2026-03-14 18:33:20,623 | INFO | Running Adaptive Trim...
2026-03-14 18:33:22,924 | INFO | Applying micro fades to prevent clicks...
2026-03-14 18:33:22,975 | INFO | Micro fades applied successfully.
2026-03-14 18:33:22,975 | INFO | Skipping Echo Removal
2026-03-14 18:33:22,982 | INFO | Running Repetition Removal...
2026-03-14 18:33:28,156 | INFO | Running Restart Detection...
2026-03-14 18:33:28,177 | INFO | Running De-Esser...
2026-03-14 18:33:32,189 | INFO | Running Downward Expander...
2026-03-14 18:33:32,325 | WARNING | Noise gate failed: The shape of the mask [1, 714241] at index 1 does not match the shape of the indexed tensor [1, 714240] at index 1
2026-03-14 18:33:32,325 | INFO | Applying 2-Stage Compression...
2026-03-14 18:35:08,749 | INFO | Running Intelligent EQ...
2026-03-14 18:35:08,907 | INFO | Running Mastering...
2026-03-14 18:35:09,042 | INFO | Generating Transcript...
2026-03-14 18:35:46,762 | INFO | Transcript saved: outputs\transcript.txt
2026-03-14 18:35:46,762 | INFO | Alignment saved: outputs\alignment.json
2026-03-14 18:35:46,762 | INFO | ====================================
2026-03-14 18:35:46,766 | INFO | ====================================
2026-03-14 21:32:03,726 | INFO | ====================================
2026-03-14 21:32:03,750 | INFO | ====================================
2026-03-14 21:32:03,978 | INFO | SNR: 46.12 dB
2026-03-14 21:32:03,978 | INFO | Noise Floor: -50.00 dB
2026-03-14 21:32:03,978 | INFO | Skipping Denoise (clean recording)
2026-03-14 21:32:03,979 | INFO | Running Adaptive Trim...
2026-03-14 21:32:05,351 | INFO | Applying micro fades to prevent clicks...
2026-03-14 21:32:05,410 | INFO | Micro fades applied successfully.
2026-03-14 21:32:05,410 | INFO | Skipping Echo Removal
2026-03-14 21:32:05,420 | INFO | Running Repetition Removal...
2026-03-14 21:32:09,833 | INFO | Running Restart Detection...
2026-03-14 21:32:09,849 | INFO | Running De-Esser...
2026-03-14 21:32:10,063 | WARNING | Restart stage failed: No module named 'pkg_resources'
2026-03-14 21:32:10,063 | INFO | Running Downward Expander...
2026-03-14 21:32:10,156 | WARNING | Noise gate failed: The shape of the mask [1, 714241] at index 1 does not match the shape of the indexed tensor [1, 714240] at index 1
2026-03-14 21:32:10,157 | INFO | Applying 2-Stage Compression...
2026-03-14 21:33:19,370 | INFO | Running Intelligent EQ...
2026-03-14 21:33:19,481 | INFO | Running Mastering...
2026-03-14 21:33:19,601 | INFO | Generating Transcript...
2026-03-14 21:33:54,572 | INFO | Transcript saved: outputs\transcript.txt
2026-03-14 21:33:54,573 | INFO | Alignment saved: outputs\alignment.json
2026-03-14 21:33:54,573 | INFO | ====================================
2026-03-14 21:33:54,577 | INFO | ====================================
2026-03-14 22:00:45,218 | INFO | ====================================
2026-03-14 22:00:45,273 | INFO | ====================================
2026-03-14 22:00:45,564 | INFO | SNR: 27.75 dB
2026-03-14 22:00:45,565 | INFO | Noise Floor: -50.00 dB
2026-03-14 22:00:45,565 | INFO | Running AI Denoise...
2026-03-14 22:00:47,740 | INFO | Running Adaptive Trim...
2026-03-14 22:00:48,727 | INFO | Applying micro fades to prevent clicks...
2026-03-14 22:00:48,743 | INFO | Micro fades applied successfully.
2026-03-14 22:00:48,743 | INFO | Running Echo Removal...
2026-03-14 22:00:48,840 | INFO | Running Repetition Removal...
2026-03-14 22:01:04,589 | INFO | Running Restart Detection...
2026-03-14 22:01:04,609 | INFO | Running De-Esser...
2026-03-14 22:01:04,663 | WARNING | Restart stage failed: No module named 'pkg_resources'
2026-03-14 22:01:04,663 | INFO | Running Downward Expander...
2026-03-14 22:01:04,720 | WARNING | Noise gate failed: The shape of the mask [1, 302593] at index 1 does not match the shape of the indexed tensor [1, 302592] at index 1
2026-03-14 22:01:04,721 | INFO | Applying 2-Stage Compression...
2026-03-14 22:03:25,431 | INFO | ====================================
2026-03-14 22:03:25,465 | INFO | ====================================
2026-03-14 22:03:25,640 | INFO | SNR: 27.75 dB
2026-03-14 22:03:25,640 | INFO | Noise Floor: -50.00 dB
2026-03-14 22:03:25,640 | INFO | Running AI Denoise...
2026-03-14 22:03:27,695 | INFO | Running Adaptive Trim...
2026-03-14 22:03:28,656 | INFO | Applying micro fades to prevent clicks...
2026-03-14 22:03:28,674 | INFO | Micro fades applied successfully.
2026-03-14 22:03:28,674 | INFO | Running Echo Removal...
2026-03-14 22:03:28,754 | INFO | Running Repetition Removal...
2026-03-14 22:03:46,458 | INFO | Running Restart Detection...
2026-03-14 22:03:46,469 | INFO | Running De-Esser...
2026-03-14 22:03:46,540 | WARNING | Restart stage failed: No module named 'pkg_resources'
2026-03-14 22:03:46,540 | INFO | Running Downward Expander...
2026-03-14 22:03:46,603 | WARNING | Noise gate failed: The shape of the mask [1, 218881] at index 1 does not match the shape of the indexed tensor [1, 218880] at index 1
2026-03-14 22:03:46,603 | INFO | Applying 2-Stage Compression...
2026-03-14 22:04:34,339 | INFO | Running Intelligent EQ...
2026-03-14 22:04:34,404 | INFO | Running Mastering...
2026-03-14 22:04:34,450 | INFO | Generating Transcript...
2026-03-14 22:05:17,348 | INFO | Transcript saved: outputs\transcript.txt
2026-03-14 22:05:17,349 | INFO | Alignment saved: outputs\alignment.json
2026-03-14 22:05:17,349 | INFO | ====================================
2026-03-14 22:05:17,351 | INFO | ====================================
2026-03-14 22:32:42,054 | INFO | ====================================
2026-03-14 22:32:42,222 | INFO | ====================================
2026-03-14 22:32:42,578 | INFO | SNR: 27.75 dB
2026-03-14 22:32:42,579 | INFO | Noise Floor: -50.00 dB
2026-03-14 22:32:42,580 | INFO | Running AI Denoise...
2026-03-14 22:32:45,970 | INFO | Running Adaptive Trim...
2026-03-14 22:32:46,608 | INFO | Applying micro fades to prevent clicks...
2026-03-14 22:32:46,623 | INFO | Micro fades applied successfully.
2026-03-14 22:32:46,624 | INFO | Running Echo Removal...
2026-03-14 22:32:46,743 | INFO | Running Repetition Removal...
2026-03-14 22:33:10,827 | INFO | Running Restart Detection...
2026-03-14 22:33:10,846 | INFO | Running De-Esser...
2026-03-14 22:33:10,948 | WARNING | Restart stage failed: No module named 'pkg_resources'
2026-03-14 22:33:10,949 | INFO | Running Downward Expander...
2026-03-14 22:33:11,077 | WARNING | Noise gate failed: The shape of the mask [1, 295681] at index 1 does not match the shape of the indexed tensor [1, 295680] at index 1
2026-03-14 22:33:11,077 | INFO | Applying 2-Stage Compression...
2026-03-14 22:34:12,976 | INFO | Running Intelligent EQ...
2026-03-14 22:34:13,179 | INFO | Running Mastering...
2026-03-14 22:34:13,306 | INFO | Generating Transcript...
2026-03-14 22:35:27,613 | INFO | Transcript saved: outputs\transcript.txt
2026-03-14 22:35:27,614 | INFO | Alignment saved: outputs\alignment.json
2026-03-14 22:35:27,614 | INFO | ====================================
2026-03-14 22:35:27,617 | INFO | ====================================
2026-03-14 23:58:11,920 | INFO | ====================================
2026-03-14 23:58:11,947 | INFO | ====================================
2026-03-14 23:58:12,053 | INFO | SNR: 27.75 dB
2026-03-14 23:58:12,053 | INFO | Noise Floor: -50.00 dB
2026-03-14 23:58:12,054 | INFO | Running AI Denoise...
2026-03-14 23:58:13,655 | INFO | Running Adaptive Trim...
2026-03-14 23:58:14,611 | INFO | Applying micro fades to prevent clicks...
2026-03-14 23:58:14,632 | INFO | Micro fades applied successfully.
2026-03-14 23:58:14,632 | INFO | Running Echo Removal...
2026-03-14 23:58:14,699 | INFO | Running Repetition Removal...
2026-03-14 23:58:21,906 | INFO | Running Restart Detection...
2026-03-14 23:58:21,917 | INFO | Running De-Esser...
2026-03-14 23:58:22,135 | WARNING | Restart stage failed: No module named 'pkg_resources'
2026-03-14 23:58:22,135 | INFO | Running Downward Expander...
2026-03-14 23:58:22,197 | WARNING | Noise gate failed: The shape of the mask [1, 296641] at index 1 does not match the shape of the indexed tensor [1, 296640] at index 1
2026-03-14 23:58:22,197 | INFO | Applying 2-Stage Compression...
2026-03-14 23:59:19,551 | INFO | Running Intelligent EQ...
2026-03-14 23:59:19,617 | INFO | Running Mastering...
2026-03-14 23:59:19,678 | INFO | Generating Transcript...
2026-03-15 00:00:01,820 | INFO | Transcript saved: outputs\transcript.txt
2026-03-15 00:00:01,820 | INFO | Alignment saved: outputs\alignment.json
2026-03-15 00:00:01,821 | INFO | ====================================
2026-03-15 00:00:01,823 | INFO | ====================================
2026-03-15 00:01:25,224 | INFO | ====================================
2026-03-15 00:01:25,247 | INFO | ====================================
2026-03-15 00:01:25,341 | INFO | SNR: 27.75 dB
2026-03-15 00:01:25,341 | INFO | Noise Floor: -50.00 dB
2026-03-15 00:01:25,341 | INFO | Running AI Denoise...
2026-03-15 00:01:26,823 | INFO | Running Adaptive Trim...
2026-03-15 00:01:27,710 | INFO | Applying micro fades to prevent clicks...
2026-03-15 00:01:27,721 | INFO | Micro fades applied successfully.
2026-03-15 00:01:27,722 | INFO | Running Echo Removal...
2026-03-15 00:01:27,778 | INFO | Running Repetition Removal...
2026-03-15 00:01:35,946 | INFO | Running Restart Detection...
2026-03-15 00:01:35,959 | INFO | Running De-Esser...
2026-03-15 00:01:36,025 | WARNING | Restart stage failed: No module named 'pkg_resources'
2026-03-15 00:01:36,026 | INFO | Running Downward Expander...
2026-03-15 00:01:36,147 | WARNING | Noise gate failed: The shape of the mask [1, 288001] at index 1 does not match the shape of the indexed tensor [1, 288000] at index 1
2026-03-15 00:01:36,148 | INFO | Applying 2-Stage Compression...
2026-03-15 00:02:19,657 | INFO | Running Intelligent EQ...
2026-03-15 00:02:19,720 | INFO | Running Mastering...
2026-03-15 00:02:19,771 | INFO | Generating Transcript...
2026-03-15 00:03:07,017 | INFO | Transcript saved: outputs\transcript.txt
2026-03-15 00:03:07,018 | INFO | Alignment saved: outputs\alignment.json
2026-03-15 00:03:07,018 | INFO | ====================================
2026-03-15 00:03:07,021 | INFO | ====================================
2026-03-15 00:17:13,351 | INFO | ====================================
2026-03-15 00:17:13,382 | INFO | ====================================
2026-03-15 00:17:13,513 | INFO | SNR: 27.75 dB
2026-03-15 00:17:13,513 | INFO | Noise Floor: -50.00 dB
2026-03-15 00:17:13,513 | INFO | Running AI Denoise...
2026-03-15 00:17:15,323 | INFO | Running Adaptive Trim...
2026-03-15 00:17:16,281 | INFO | Applying micro fades to prevent clicks...
2026-03-15 00:17:16,298 | INFO | Micro fades applied successfully.
2026-03-15 00:17:16,299 | INFO | Running Echo Removal...
2026-03-15 00:17:16,362 | INFO | Running Repetition Removal...
2026-03-15 00:17:32,395 | INFO | Running Restart Detection...
2026-03-15 00:17:32,406 | INFO | Running De-Esser...
2026-03-15 00:17:32,458 | WARNING | Restart stage failed: No module named 'pkg_resources'
2026-03-15 00:17:32,458 | INFO | Running Downward Expander...
2026-03-15 00:17:32,524 | WARNING | Noise gate failed: The shape of the mask [1, 302593] at index 1 does not match the shape of the indexed tensor [1, 302592] at index 1
2026-03-15 00:17:32,524 | INFO | Applying 2-Stage Compression...
2026-03-15 00:18:26,840 | INFO | Running Intelligent EQ...
2026-03-15 00:18:26,898 | INFO | Running Mastering...
2026-03-15 00:18:26,950 | INFO | Generating Transcript...
2026-03-15 00:19:25,345 | INFO | Transcript saved: outputs\transcript.txt
2026-03-15 00:19:25,346 | INFO | Alignment saved: outputs\alignment.json
2026-03-15 00:19:25,346 | INFO | ====================================
2026-03-15 00:19:25,350 | INFO | ====================================
2026-03-18 23:09:56,945 | INFO | ====================================
2026-03-18 23:09:56,945 | INFO | 🚀 Starting Pipeline: df9f84a7-e378-40e2-a05d-b657ecd7ec19
2026-03-18 23:09:56,945 | INFO | ====================================
2026-03-18 23:09:56,945 | INFO | 🔍 Running Audio Analysis...
2026-03-18 23:09:56,976 | INFO | SNR: 42.05 dB
2026-03-18 23:09:56,976 | INFO | Noise Floor: -50.00 dB
2026-03-18 23:09:56,976 | INFO | Skipping Denoise (clean recording)
2026-03-18 23:09:56,976 | INFO | Running Adaptive Trim...
2026-03-18 23:09:57,308 | INFO | Applying micro fades to prevent clicks...
2026-03-18 23:09:57,315 | INFO | Micro fades applied successfully.
2026-03-18 23:09:57,315 | INFO | Skipping Echo Removal
2026-03-18 23:09:57,316 | INFO | Running Repetition Removal...
2026-03-18 23:10:09,384 | WARNING | Repetition removal failed: [Errno 2] No such file or directory: 'ffmpeg'
2026-03-18 23:10:09,388 | INFO | Running Restart Detection...
2026-03-18 23:10:09,396 | INFO | Running De-Esser...
2026-03-18 23:10:09,709 | WARNING | Restart stage failed: No module named 'pkg_resources'
2026-03-18 23:10:09,709 | INFO | Running Downward Expander...
2026-03-18 23:10:09,760 | WARNING | Noise gate failed: The shape of the mask [1, 723837] at index 1 does not match the shape of the indexed tensor [1, 723836] at index 1
2026-03-18 23:10:09,760 | INFO | Applying 2-Stage Compression...
2026-03-18 23:10:22,048 | INFO | Running Intelligent EQ...
2026-03-18 23:10:22,098 | INFO | Running Mastering...
2026-03-18 23:10:22,120 | INFO | Generating Transcript...
2026-03-18 23:10:22,134 | WARNING | Transcript generation failed: [Errno 2] No such file or directory: 'ffmpeg'
2026-03-18 23:10:22,134 | INFO | ====================================
2026-03-18 23:10:22,134 | INFO | ✅ SUCCESS — Output: outputs/df9f84a7-e378-40e2-a05d-b657ecd7ec19_MASTERED.wav
2026-03-18 23:10:22,134 | INFO | ====================================
2026-03-18 23:10:28,121 | INFO | ====================================
2026-03-18 23:10:28,122 | INFO | 🚀 Starting Pipeline: 16a78a8c-59b7-4909-80a6-418f3553b4a4
2026-03-18 23:10:28,122 | INFO | ====================================
2026-03-18 23:10:28,122 | INFO | 🔍 Running Audio Analysis...
2026-03-18 23:10:28,153 | INFO | SNR: 42.05 dB
2026-03-18 23:10:28,153 | INFO | Noise Floor: -50.00 dB
2026-03-18 23:10:28,153 | INFO | Skipping Denoise (clean recording)
2026-03-18 23:10:28,153 | INFO | Running Adaptive Trim...
2026-03-18 23:10:28,495 | INFO | Applying micro fades to prevent clicks...
2026-03-18 23:10:28,501 | INFO | Micro fades applied successfully.
2026-03-18 23:10:28,501 | INFO | Skipping Echo Removal
2026-03-18 23:10:28,502 | INFO | Running Repetition Removal...
2026-03-18 23:10:28,946 | WARNING | Repetition removal failed: [Errno 2] No such file or directory: 'ffmpeg'
2026-03-18 23:10:28,948 | INFO | Running Restart Detection...
2026-03-18 23:10:28,956 | INFO | Running De-Esser...
2026-03-18 23:10:28,973 | WARNING | Restart stage failed: No module named 'pkg_resources'
2026-03-18 23:10:28,973 | INFO | Running Downward Expander...
2026-03-18 23:10:29,018 | WARNING | Noise gate failed: The shape of the mask [1, 723837] at index 1 does not match the shape of the indexed tensor [1, 723836] at index 1
2026-03-18 23:10:29,018 | INFO | Applying 2-Stage Compression...
2026-03-18 23:10:41,430 | INFO | Running Intelligent EQ...
2026-03-18 23:10:41,466 | INFO | Running Mastering...
2026-03-18 23:10:41,487 | INFO | Generating Transcript...
2026-03-18 23:10:41,501 | WARNING | Transcript generation failed: [Errno 2] No such file or directory: 'ffmpeg'
2026-03-18 23:10:41,501 | INFO | ====================================
2026-03-18 23:10:41,501 | INFO | ✅ SUCCESS — Output: outputs/16a78a8c-59b7-4909-80a6-418f3553b4a4_MASTERED.wav
2026-03-18 23:10:41,501 | INFO | ====================================
2026-03-18 23:15:29,446 | INFO | ====================================
2026-03-18 23:15:29,446 | INFO | 🚀 Starting Pipeline: a5b332d9-f070-4b3b-93c9-0613bc5b5149
2026-03-18 23:15:29,446 | INFO | ====================================
2026-03-18 23:15:29,446 | INFO | 🔍 Running Audio Analysis...
2026-03-18 23:15:29,476 | INFO | SNR: 42.05 dB
2026-03-18 23:15:29,476 | INFO | Noise Floor: -50.00 dB
2026-03-18 23:15:29,476 | INFO | Skipping Denoise (clean recording)
2026-03-18 23:15:29,476 | INFO | Running Adaptive Trim...
2026-03-18 23:15:29,806 | INFO | Applying micro fades to prevent clicks...
2026-03-18 23:15:29,811 | INFO | Micro fades applied successfully.
2026-03-18 23:15:29,811 | INFO | Skipping Echo Removal
2026-03-18 23:15:29,811 | INFO | Running Repetition Removal...
2026-03-18 23:15:30,216 | WARNING | Repetition removal failed: [Errno 2] No such file or directory: 'ffmpeg'
2026-03-18 23:15:30,219 | INFO | Running Restart Detection...
2026-03-18 23:15:30,227 | INFO | Running De-Esser...
2026-03-18 23:15:30,243 | WARNING | Restart stage failed: No module named 'pkg_resources'
2026-03-18 23:15:30,243 | INFO | Running Downward Expander...
2026-03-18 23:15:30,286 | WARNING | Noise gate failed: The shape of the mask [1, 723837] at index 1 does not match the shape of the indexed tensor [1, 723836] at index 1
2026-03-18 23:15:30,286 | INFO | Applying 2-Stage Compression...
2026-03-18 23:15:42,743 | INFO | Running Intelligent EQ...
2026-03-18 23:15:42,779 | INFO | Running Mastering...
2026-03-18 23:15:42,801 | INFO | Generating Transcript...
2026-03-18 23:15:42,815 | WARNING | Transcript generation failed: [Errno 2] No such file or directory: 'ffmpeg'
2026-03-18 23:15:42,815 | INFO | ====================================
2026-03-18 23:15:42,815 | INFO | ✅ SUCCESS — Output: outputs/a5b332d9-f070-4b3b-93c9-0613bc5b5149_MASTERED.wav
2026-03-18 23:15:42,815 | INFO | ====================================
2026-03-19 01:43:05,828 | INFO | ====================================
2026-03-19 01:43:05,828 | INFO | 🚀 Starting Pipeline: 579ab709-ab04-44b6-9c9c-c4abe54575d2
2026-03-19 01:43:05,828 | INFO | ====================================
2026-03-19 01:43:05,828 | INFO | 🔍 Running Audio Analysis...
2026-03-19 01:43:05,865 | INFO | SNR: 42.05 dB
2026-03-19 01:43:05,865 | INFO | Noise Floor: -50.00 dB
2026-03-19 01:43:05,865 | INFO | Skipping Denoise (clean recording)
2026-03-19 01:43:05,865 | INFO | Running Adaptive Trim...
2026-03-19 01:43:06,194 | INFO | Applying micro fades to prevent clicks...
2026-03-19 01:43:06,202 | INFO | Micro fades applied successfully.
2026-03-19 01:43:06,202 | INFO | Skipping Echo Removal
2026-03-19 01:43:06,204 | INFO | Running Repetition Removal...
2026-03-19 01:43:07,463 | INFO | Running Restart Detection...
2026-03-19 01:43:07,470 | INFO | Running De-Esser...
2026-03-19 01:43:07,496 | WARNING | Restart stage failed: No module named 'pkg_resources'
2026-03-19 01:43:07,496 | INFO | Running Downward Expander...
2026-03-19 01:43:07,536 | WARNING | Noise gate failed: The shape of the mask [1, 614401] at index 1 does not match the shape of the indexed tensor [1, 614400] at index 1
2026-03-19 01:43:07,536 | INFO | Applying 2-Stage Compression...
2026-03-19 01:43:17,888 | INFO | Running Intelligent EQ...
2026-03-19 01:43:17,919 | INFO | Running Mastering...
2026-03-19 01:43:17,938 | INFO | Generating Transcript...
2026-03-19 01:43:23,309 | INFO | Transcript saved: outputs/transcript.txt
2026-03-19 01:43:23,309 | INFO | Alignment saved: outputs/alignment.json
2026-03-19 01:43:23,309 | INFO | ====================================
2026-03-19 01:43:23,309 | INFO | ✅ SUCCESS — Output: outputs/579ab709-ab04-44b6-9c9c-c4abe54575d2_MASTERED.wav
2026-03-19 01:43:23,309 | INFO | ====================================
2026-03-19 11:43:14,082 | INFO | ====================================
2026-03-19 11:43:14,082 | INFO | 🚀 Starting Pipeline: 2182bc38-0a83-46b8-8e28-f4e37719cb6e
2026-03-19 11:43:14,082 | INFO | ====================================
2026-03-19 11:43:14,082 | INFO | 🔍 Running Audio Analysis...
2026-03-19 11:43:14,128 | INFO | SNR: 42.05 dB
2026-03-19 11:43:14,128 | INFO | Noise Floor: -50.00 dB
2026-03-19 11:43:14,128 | INFO | Skipping Denoise (clean recording)
2026-03-19 11:43:14,128 | INFO | Running Adaptive Trim...
2026-03-19 11:43:14,449 | INFO | Applying micro fades to prevent clicks...
2026-03-19 11:43:14,462 | INFO | Micro fades applied successfully.
2026-03-19 11:43:14,462 | INFO | Skipping Echo Removal
2026-03-19 11:43:14,462 | INFO | Running Repetition Removal...
2026-03-19 11:43:15,648 | INFO | Running Restart Detection...
2026-03-19 11:43:15,654 | INFO | Running De-Esser...
2026-03-19 11:43:15,680 | WARNING | Restart stage failed: No module named 'pkg_resources'
2026-03-19 11:43:15,680 | INFO | Running Downward Expander...
2026-03-19 11:43:15,719 | WARNING | Noise gate failed: The shape of the mask [1, 614401] at index 1 does not match the shape of the indexed tensor [1, 614400] at index 1
2026-03-19 11:43:15,719 | INFO | Applying 2-Stage Compression...
2026-03-19 11:43:25,886 | INFO | Running Intelligent EQ...
2026-03-19 11:43:25,917 | INFO | Running Mastering...
2026-03-19 11:43:25,937 | INFO | Generating Transcript...
2026-03-19 11:43:30,936 | INFO | Transcript saved: outputs/transcript.txt
2026-03-19 11:43:30,936 | INFO | Alignment saved: outputs/alignment.json
2026-03-19 11:43:30,937 | INFO | ====================================
2026-03-19 11:43:30,937 | INFO | ✅ SUCCESS — Output: outputs/2182bc38-0a83-46b8-8e28-f4e37719cb6e_MASTERED.wav
2026-03-19 11:43:30,937 | INFO | ====================================
2026-03-19 20:35:11,066 | INFO | ====================================
2026-03-19 20:35:11,067 | INFO | 🚀 Starting Pipeline: f0f77460-4bd2-4511-a94b-fa8c85e30a43
2026-03-19 20:35:11,067 | INFO | ====================================
2026-03-19 20:35:11,067 | INFO | 🔍 Running Audio Analysis...
2026-03-19 20:35:11,105 | INFO | SNR: 42.05 dB
2026-03-19 20:35:11,105 | INFO | Noise Floor: -50.00 dB
2026-03-19 20:35:11,106 | INFO | Skipping Denoise (clean recording)
2026-03-19 20:35:11,106 | INFO | Running Adaptive Trim...
2026-03-19 20:35:11,435 | INFO | Applying micro fades to prevent clicks...
2026-03-19 20:35:11,443 | INFO | Micro fades applied successfully.
2026-03-19 20:35:11,443 | INFO | Skipping Echo Removal
2026-03-19 20:35:11,444 | INFO | Running Repetition Removal...
2026-03-19 20:35:12,671 | INFO | Running Restart Detection...
2026-03-19 20:35:12,677 | INFO | Running De-Esser...
2026-03-19 20:35:13,308 | INFO | Running Downward Expander...
2026-03-19 20:35:13,348 | WARNING | Noise gate failed: The shape of the mask [1, 614401] at index 1 does not match the shape of the indexed tensor [1, 614400] at index 1
2026-03-19 20:35:13,348 | INFO | Applying 2-Stage Compression...
2026-03-19 20:35:23,271 | INFO | Running Intelligent EQ...
2026-03-19 20:35:23,304 | INFO | Running Mastering...
2026-03-19 20:35:23,322 | INFO | Generating Transcript...
2026-03-19 20:35:28,591 | INFO | Transcript saved: outputs/transcript.txt
2026-03-19 20:35:28,591 | INFO | Alignment saved: outputs/alignment.json
2026-03-19 20:35:28,591 | INFO | ====================================
2026-03-19 20:35:28,591 | INFO | ✅ SUCCESS — Output: outputs/f0f77460-4bd2-4511-a94b-fa8c85e30a43_MASTERED.wav
2026-03-19 20:35:28,591 | INFO | ====================================
2026-03-19 20:38:25,092 | INFO | ====================================
2026-03-19 20:38:25,092 | INFO | 🚀 Starting Pipeline: 03552421-255c-4262-9c9a-e3e9fe169f97
2026-03-19 20:38:25,092 | INFO | ====================================
2026-03-19 20:38:25,092 | INFO | 🔍 Running Audio Analysis...
2026-03-19 20:38:25,121 | INFO | SNR: 42.05 dB
2026-03-19 20:38:25,122 | INFO | Noise Floor: -50.00 dB
2026-03-19 20:38:25,122 | INFO | Skipping Denoise (clean recording)
2026-03-19 20:38:25,122 | INFO | Running Adaptive Trim...
2026-03-19 20:38:25,451 | INFO | Applying micro fades to prevent clicks...
2026-03-19 20:38:25,456 | INFO | Micro fades applied successfully.
2026-03-19 20:38:25,456 | INFO | Skipping Echo Removal
2026-03-19 20:38:25,456 | INFO | Running Repetition Removal...
2026-03-19 20:38:26,623 | INFO | Running Restart Detection...
2026-03-19 20:38:26,629 | INFO | Running De-Esser...
2026-03-19 20:38:27,024 | INFO | Running Downward Expander...
2026-03-19 20:38:27,060 | WARNING | Noise gate failed: The shape of the mask [1, 614401] at index 1 does not match the shape of the indexed tensor [1, 614400] at index 1
2026-03-19 20:38:27,060 | INFO | Applying 2-Stage Compression...
2026-03-19 20:38:37,386 | INFO | Running Intelligent EQ...
2026-03-19 20:38:37,415 | INFO | Running Mastering...
2026-03-19 20:38:37,434 | INFO | Generating Transcript...
2026-03-19 20:38:42,817 | INFO | Transcript saved: outputs/transcript.txt
2026-03-19 20:38:42,818 | INFO | Alignment saved: outputs/alignment.json
2026-03-19 20:38:42,818 | INFO | ====================================
2026-03-19 20:38:42,818 | INFO | ✅ SUCCESS — Output: outputs/03552421-255c-4262-9c9a-e3e9fe169f97_MASTERED.wav
2026-03-19 20:38:42,818 | INFO | ====================================
